{"/Users/prasad/.gemini/antigravity/scratch/quiz-platform/postcss.config.js": {"path":"/Users/prasad/.gemini/antigravity/scratch/quiz-platform/postcss.config.js","all":true,"statementMap":{"0":{"start":{"line":1,"column":0},"end":{"line":1,"column":16}},"1":{"start":{"line":2,"column":0},"end":{"line":2,"column":12}},"2":{"start":{"line":3,"column":0},"end":{"line":3,"column":31}},"3":{"start":{"line":4,"column":0},"end":{"line":4,"column":21}},"4":{"start":{"line":5,"column":0},"end":{"line":5,"column":4}},"5":{"start":{"line":6,"column":0},"end":{"line":6,"column":1}}},"s":{"0":0,"1":0,"2":0,"3":0,"4":0,"5":0},"branchMap":{"0":{"type":"branch","line":1,"loc":{"start":{"line":1,"column":0},"end":{"line":6,"column":-11}},"locations":[{"start":{"line":1,"column":0},"end":{"line":6,"column":-11}}]}},"b":{"0":[0]},"fnMap":{"0":{"name":"(empty-report)","decl":{"start":{"line":1,"column":0},"end":{"line":6,"column":-11}},"loc":{"start":{"line":1,"column":0},"end":{"line":6,"column":-11}},"line":1}},"f":{"0":0}}
,"/Users/prasad/.gemini/antigravity/scratch/quiz-platform/tailwind.config.js": {"path":"/Users/prasad/.gemini/antigravity/scratch/quiz-platform/tailwind.config.js","all":true,"statementMap":{"0":{"start":{"line":1,"column":0},"end":{"line":1,"column":43}},"1":{"start":{"line":2,"column":0},"end":{"line":2,"column":16}},"2":{"start":{"line":3,"column":0},"end":{"line":3,"column":12}},"3":{"start":{"line":4,"column":0},"end":{"line":4,"column":19}},"4":{"start":{"line":5,"column":0},"end":{"line":5,"column":33}},"5":{"start":{"line":6,"column":0},"end":{"line":6,"column":4}},"6":{"start":{"line":7,"column":0},"end":{"line":7,"column":10}},"7":{"start":{"line":8,"column":0},"end":{"line":8,"column":15}},"8":{"start":{"line":9,"column":0},"end":{"line":9,"column":4}},"9":{"start":{"line":10,"column":0},"end":{"line":10,"column":14}},"10":{"start":{"line":11,"column":0},"end":{"line":11,"column":1}}},"s":{"0":0,"1":0,"2":0,"3":0,"4":0,"5":0,"6":0,"7":0,"8":0,"9":0,"10":0},"branchMap":{"0":{"type":"branch","line":1,"loc":{"start":{"line":1,"column":0},"end":{"line":11,"column":-13}},"locations":[{"start":{"line":1,"column":0},"end":{"line":11,"column":-13}}]}},"b":{"0":[0]},"fnMap":{"0":{"name":"(empty-report)","decl":{"start":{"line":1,"column":0},"end":{"line":11,"column":-13}},"loc":{"start":{"line":1,"column":0},"end":{"line":11,"column":-13}},"line":1}},"f":{"0":0}}
,"/Users/prasad/.gemini/antigravity/scratch/quiz-platform/src/App.tsx": {"path":"/Users/prasad/.gemini/antigravity/scratch/quiz-platform/src/App.tsx","all":false,"statementMap":{"0":{"start":{"line":1,"column":0},"end":{"line":1,"column":48}},"1":{"start":{"line":2,"column":0},"end":{"line":2,"column":49}},"2":{"start":{"line":3,"column":0},"end":{"line":3,"column":57}},"3":{"start":{"line":4,"column":0},"end":{"line":4,"column":67}},"4":{"start":{"line":5,"column":0},"end":{"line":5,"column":63}},"5":{"start":{"line":6,"column":0},"end":{"line":6,"column":47}},"6":{"start":{"line":7,"column":0},"end":{"line":7,"column":88}},"7":{"start":{"line":8,"column":0},"end":{"line":8,"column":59}},"8":{"start":{"line":9,"column":0},"end":{"line":9,"column":47}},"9":{"start":{"line":10,"column":0},"end":{"line":10,"column":0}},"10":{"start":{"line":11,"column":0},"end":{"line":11,"column":16}},"11":{"start":{"line":12,"column":0},"end":{"line":12,"column":59}},"12":{"start":{"line":13,"column":0},"end":{"line":13,"column":49}},"13":{"start":{"line":14,"column":0},"end":{"line":14,"column":58}},"14":{"start":{"line":15,"column":0},"end":{"line":15,"column":66}},"15":{"start":{"line":16,"column":0},"end":{"line":16,"column":68}},"16":{"start":{"line":17,"column":0},"end":{"line":17,"column":62}},"17":{"start":{"line":18,"column":0},"end":{"line":18,"column":54}},"18":{"start":{"line":19,"column":0},"end":{"line":19,"column":0}},"19":{"start":{"line":20,"column":0},"end":{"line":20,"column":34}},"20":{"start":{"line":21,"column":0},"end":{"line":21,"column":26}},"21":{"start":{"line":22,"column":0},"end":{"line":22,"column":4}},"22":{"start":{"line":23,"column":0},"end":{"line":23,"column":0}},"23":{"start":{"line":24,"column":0},"end":{"line":24,"column":45}},"24":{"start":{"line":25,"column":0},"end":{"line":25,"column":9}},"25":{"start":{"line":26,"column":0},"end":{"line":26,"column":38}},"26":{"start":{"line":27,"column":0},"end":{"line":27,"column":6}},"27":{"start":{"line":28,"column":0},"end":{"line":28,"column":25}},"28":{"start":{"line":29,"column":0},"end":{"line":29,"column":50}},"29":{"start":{"line":30,"column":0},"end":{"line":30,"column":59}},"30":{"start":{"line":31,"column":0},"end":{"line":31,"column":7}},"31":{"start":{"line":32,"column":0},"end":{"line":32,"column":0}},"32":{"start":{"line":33,"column":0},"end":{"line":33,"column":31}},"33":{"start":{"line":34,"column":0},"end":{"line":34,"column":66}},"34":{"start":{"line":35,"column":0},"end":{"line":35,"column":74}},"35":{"start":{"line":36,"column":0},"end":{"line":36,"column":7}},"36":{"start":{"line":37,"column":0},"end":{"line":37,"column":0}},"37":{"start":{"line":38,"column":0},"end":{"line":38,"column":42}},"38":{"start":{"line":39,"column":0},"end":{"line":39,"column":64}},"39":{"start":{"line":40,"column":0},"end":{"line":40,"column":7}},"40":{"start":{"line":41,"column":0},"end":{"line":41,"column":0}},"41":{"start":{"line":42,"column":0},"end":{"line":42,"column":41}},"42":{"start":{"line":43,"column":0},"end":{"line":43,"column":84}},"43":{"start":{"line":44,"column":0},"end":{"line":44,"column":87}},"44":{"start":{"line":45,"column":0},"end":{"line":45,"column":61}},"45":{"start":{"line":46,"column":0},"end":{"line":46,"column":8}},"46":{"start":{"line":47,"column":0},"end":{"line":47,"column":25}},"47":{"start":{"line":48,"column":0},"end":{"line":48,"column":73}},"48":{"start":{"line":49,"column":0},"end":{"line":49,"column":9}},"49":{"start":{"line":50,"column":0},"end":{"line":50,"column":0}},"50":{"start":{"line":51,"column":0},"end":{"line":51,"column":25}},"51":{"start":{"line":52,"column":0},"end":{"line":52,"column":80}},"52":{"start":{"line":53,"column":0},"end":{"line":53,"column":92}},"53":{"start":{"line":54,"column":0},"end":{"line":54,"column":9}},"54":{"start":{"line":55,"column":0},"end":{"line":55,"column":0}},"55":{"start":{"line":56,"column":0},"end":{"line":56,"column":82}},"56":{"start":{"line":57,"column":0},"end":{"line":57,"column":52}},"57":{"start":{"line":58,"column":0},"end":{"line":58,"column":37}},"58":{"start":{"line":59,"column":0},"end":{"line":59,"column":36}},"59":{"start":{"line":60,"column":0},"end":{"line":60,"column":12}},"60":{"start":{"line":61,"column":0},"end":{"line":61,"column":0}},"61":{"start":{"line":62,"column":0},"end":{"line":62,"column":16}},"62":{"start":{"line":63,"column":0},"end":{"line":63,"column":15}},"63":{"start":{"line":64,"column":0},"end":{"line":64,"column":13}},"64":{"start":{"line":65,"column":0},"end":{"line":65,"column":81}},"65":{"start":{"line":66,"column":0},"end":{"line":66,"column":37}},"66":{"start":{"line":67,"column":0},"end":{"line":67,"column":63}},"67":{"start":{"line":68,"column":0},"end":{"line":68,"column":61}},"68":{"start":{"line":69,"column":0},"end":{"line":69,"column":10}},"69":{"start":{"line":70,"column":0},"end":{"line":70,"column":9}},"70":{"start":{"line":71,"column":0},"end":{"line":71,"column":0}},"71":{"start":{"line":72,"column":0},"end":{"line":72,"column":31}},"72":{"start":{"line":73,"column":0},"end":{"line":73,"column":39}},"73":{"start":{"line":74,"column":0},"end":{"line":74,"column":46}},"74":{"start":{"line":75,"column":0},"end":{"line":75,"column":47}},"75":{"start":{"line":76,"column":0},"end":{"line":76,"column":46}},"76":{"start":{"line":77,"column":0},"end":{"line":77,"column":48}},"77":{"start":{"line":78,"column":0},"end":{"line":78,"column":52}},"78":{"start":{"line":79,"column":0},"end":{"line":79,"column":28}},"79":{"start":{"line":80,"column":0},"end":{"line":80,"column":38}},"80":{"start":{"line":81,"column":0},"end":{"line":81,"column":8}},"81":{"start":{"line":82,"column":0},"end":{"line":82,"column":0}},"82":{"start":{"line":83,"column":0},"end":{"line":83,"column":29}},"83":{"start":{"line":84,"column":0},"end":{"line":84,"column":21}},"84":{"start":{"line":85,"column":0},"end":{"line":85,"column":97}},"85":{"start":{"line":86,"column":0},"end":{"line":86,"column":22}},"86":{"start":{"line":87,"column":0},"end":{"line":87,"column":49}},"87":{"start":{"line":88,"column":0},"end":{"line":88,"column":51}},"88":{"start":{"line":89,"column":0},"end":{"line":89,"column":5}},"89":{"start":{"line":90,"column":0},"end":{"line":90,"column":4}},"90":{"start":{"line":91,"column":0},"end":{"line":91,"column":0}},"91":{"start":{"line":92,"column":0},"end":{"line":92,"column":32}},"92":{"start":{"line":93,"column":0},"end":{"line":93,"column":31}},"93":{"start":{"line":94,"column":0},"end":{"line":94,"column":4}},"94":{"start":{"line":95,"column":0},"end":{"line":95,"column":0}},"95":{"start":{"line":96,"column":0},"end":{"line":96,"column":76}},"96":{"start":{"line":97,"column":0},"end":{"line":97,"column":41}},"97":{"start":{"line":98,"column":0},"end":{"line":98,"column":22}},"98":{"start":{"line":99,"column":0},"end":{"line":99,"column":0}},"99":{"start":{"line":100,"column":0},"end":{"line":100,"column":36}},"100":{"start":{"line":101,"column":0},"end":{"line":101,"column":28}},"101":{"start":{"line":102,"column":0},"end":{"line":102,"column":49}},"102":{"start":{"line":103,"column":0},"end":{"line":103,"column":31}},"103":{"start":{"line":104,"column":0},"end":{"line":104,"column":61}},"104":{"start":{"line":105,"column":0},"end":{"line":105,"column":29}},"105":{"start":{"line":106,"column":0},"end":{"line":106,"column":6}},"106":{"start":{"line":107,"column":0},"end":{"line":107,"column":28}},"107":{"start":{"line":108,"column":0},"end":{"line":108,"column":38}},"108":{"start":{"line":109,"column":0},"end":{"line":109,"column":6}},"109":{"start":{"line":110,"column":0},"end":{"line":110,"column":28}},"110":{"start":{"line":111,"column":0},"end":{"line":111,"column":4}},"111":{"start":{"line":112,"column":0},"end":{"line":112,"column":63}},"112":{"start":{"line":113,"column":0},"end":{"line":113,"column":28}},"113":{"start":{"line":114,"column":0},"end":{"line":114,"column":4}},"114":{"start":{"line":115,"column":0},"end":{"line":115,"column":0}},"115":{"start":{"line":116,"column":0},"end":{"line":116,"column":47}},"116":{"start":{"line":117,"column":0},"end":{"line":117,"column":39}},"117":{"start":{"line":118,"column":0},"end":{"line":118,"column":49}},"118":{"start":{"line":119,"column":0},"end":{"line":119,"column":47}},"119":{"start":{"line":120,"column":0},"end":{"line":120,"column":53}},"120":{"start":{"line":121,"column":0},"end":{"line":121,"column":32}},"121":{"start":{"line":122,"column":0},"end":{"line":122,"column":0}},"122":{"start":{"line":123,"column":0},"end":{"line":123,"column":10}},"123":{"start":{"line":124,"column":0},"end":{"line":124,"column":97}},"124":{"start":{"line":125,"column":0},"end":{"line":125,"column":6}},"125":{"start":{"line":126,"column":0},"end":{"line":126,"column":48}},"126":{"start":{"line":127,"column":0},"end":{"line":127,"column":25}},"127":{"start":{"line":128,"column":0},"end":{"line":128,"column":13}},"128":{"start":{"line":129,"column":0},"end":{"line":129,"column":82}},"129":{"start":{"line":130,"column":0},"end":{"line":130,"column":69}},"130":{"start":{"line":131,"column":0},"end":{"line":131,"column":10}},"131":{"start":{"line":132,"column":0},"end":{"line":132,"column":8}},"132":{"start":{"line":133,"column":0},"end":{"line":133,"column":0}},"133":{"start":{"line":134,"column":0},"end":{"line":134,"column":17}},"134":{"start":{"line":135,"column":0},"end":{"line":135,"column":10}},"135":{"start":{"line":136,"column":0},"end":{"line":136,"column":68}},"136":{"start":{"line":137,"column":0},"end":{"line":137,"column":19}},"137":{"start":{"line":138,"column":0},"end":{"line":138,"column":55}},"138":{"start":{"line":139,"column":0},"end":{"line":139,"column":147}},"139":{"start":{"line":140,"column":0},"end":{"line":140,"column":44}},"140":{"start":{"line":141,"column":0},"end":{"line":141,"column":13}},"141":{"start":{"line":142,"column":0},"end":{"line":142,"column":44}},"142":{"start":{"line":143,"column":0},"end":{"line":143,"column":21}},"143":{"start":{"line":144,"column":0},"end":{"line":144,"column":16}},"144":{"start":{"line":145,"column":0},"end":{"line":145,"column":26}},"145":{"start":{"line":146,"column":0},"end":{"line":146,"column":11}},"146":{"start":{"line":147,"column":0},"end":{"line":147,"column":11}},"147":{"start":{"line":148,"column":0},"end":{"line":148,"column":84}},"148":{"start":{"line":149,"column":0},"end":{"line":149,"column":57}},"149":{"start":{"line":150,"column":0},"end":{"line":150,"column":29}},"150":{"start":{"line":151,"column":0},"end":{"line":151,"column":27}},"151":{"start":{"line":152,"column":0},"end":{"line":152,"column":46}},"152":{"start":{"line":153,"column":0},"end":{"line":153,"column":38}},"153":{"start":{"line":154,"column":0},"end":{"line":154,"column":45}},"154":{"start":{"line":155,"column":0},"end":{"line":155,"column":18}},"155":{"start":{"line":156,"column":0},"end":{"line":156,"column":57}},"156":{"start":{"line":157,"column":0},"end":{"line":157,"column":14}},"157":{"start":{"line":158,"column":0},"end":{"line":158,"column":15}},"158":{"start":{"line":159,"column":0},"end":{"line":159,"column":95}},"159":{"start":{"line":160,"column":0},"end":{"line":160,"column":20}},"160":{"start":{"line":161,"column":0},"end":{"line":161,"column":58}},"161":{"start":{"line":162,"column":0},"end":{"line":162,"column":104}},"162":{"start":{"line":163,"column":0},"end":{"line":163,"column":40}},"163":{"start":{"line":164,"column":0},"end":{"line":164,"column":13}},"164":{"start":{"line":165,"column":0},"end":{"line":165,"column":50}},"165":{"start":{"line":166,"column":0},"end":{"line":166,"column":21}},"166":{"start":{"line":167,"column":0},"end":{"line":167,"column":0}},"167":{"start":{"line":168,"column":0},"end":{"line":168,"column":47}},"168":{"start":{"line":169,"column":0},"end":{"line":169,"column":91}},"169":{"start":{"line":170,"column":0},"end":{"line":170,"column":95}},"170":{"start":{"line":171,"column":0},"end":{"line":171,"column":18}},"171":{"start":{"line":172,"column":0},"end":{"line":172,"column":0}},"172":{"start":{"line":173,"column":0},"end":{"line":173,"column":39}},"173":{"start":{"line":174,"column":0},"end":{"line":174,"column":40}},"174":{"start":{"line":175,"column":0},"end":{"line":175,"column":25}},"175":{"start":{"line":176,"column":0},"end":{"line":176,"column":35}},"176":{"start":{"line":177,"column":0},"end":{"line":177,"column":64}},"177":{"start":{"line":178,"column":0},"end":{"line":178,"column":60}},"178":{"start":{"line":179,"column":0},"end":{"line":179,"column":197}},"179":{"start":{"line":180,"column":0},"end":{"line":180,"column":18}},"180":{"start":{"line":181,"column":0},"end":{"line":181,"column":16}},"181":{"start":{"line":182,"column":0},"end":{"line":182,"column":27}},"182":{"start":{"line":183,"column":0},"end":{"line":183,"column":93}},"183":{"start":{"line":184,"column":0},"end":{"line":184,"column":18}},"184":{"start":{"line":185,"column":0},"end":{"line":185,"column":20}},"185":{"start":{"line":186,"column":0},"end":{"line":186,"column":0}},"186":{"start":{"line":187,"column":0},"end":{"line":187,"column":21}},"187":{"start":{"line":188,"column":0},"end":{"line":188,"column":40}},"188":{"start":{"line":189,"column":0},"end":{"line":189,"column":44}},"189":{"start":{"line":190,"column":0},"end":{"line":190,"column":211}},"190":{"start":{"line":191,"column":0},"end":{"line":191,"column":15}},"191":{"start":{"line":192,"column":0},"end":{"line":192,"column":51}},"192":{"start":{"line":193,"column":0},"end":{"line":193,"column":30}},"193":{"start":{"line":194,"column":0},"end":{"line":194,"column":23}},"194":{"start":{"line":195,"column":0},"end":{"line":195,"column":0}},"195":{"start":{"line":196,"column":0},"end":{"line":196,"column":40}},"196":{"start":{"line":197,"column":0},"end":{"line":197,"column":68}},"197":{"start":{"line":198,"column":0},"end":{"line":198,"column":73}},"198":{"start":{"line":199,"column":0},"end":{"line":199,"column":22}},"199":{"start":{"line":200,"column":0},"end":{"line":200,"column":70}},"200":{"start":{"line":201,"column":0},"end":{"line":201,"column":85}},"201":{"start":{"line":202,"column":0},"end":{"line":202,"column":22}},"202":{"start":{"line":203,"column":0},"end":{"line":203,"column":20}},"203":{"start":{"line":204,"column":0},"end":{"line":204,"column":0}},"204":{"start":{"line":205,"column":0},"end":{"line":205,"column":20}},"205":{"start":{"line":206,"column":0},"end":{"line":206,"column":28}},"206":{"start":{"line":207,"column":0},"end":{"line":207,"column":35}},"207":{"start":{"line":208,"column":0},"end":{"line":208,"column":44}},"208":{"start":{"line":209,"column":0},"end":{"line":209,"column":31}},"209":{"start":{"line":210,"column":0},"end":{"line":210,"column":35}},"210":{"start":{"line":211,"column":0},"end":{"line":211,"column":16}},"211":{"start":{"line":212,"column":0},"end":{"line":212,"column":0}},"212":{"start":{"line":213,"column":0},"end":{"line":213,"column":21}},"213":{"start":{"line":214,"column":0},"end":{"line":214,"column":61}},"214":{"start":{"line":215,"column":0},"end":{"line":215,"column":181}},"215":{"start":{"line":216,"column":0},"end":{"line":216,"column":15}},"216":{"start":{"line":217,"column":0},"end":{"line":217,"column":69}},"217":{"start":{"line":218,"column":0},"end":{"line":218,"column":32}},"218":{"start":{"line":219,"column":0},"end":{"line":219,"column":23}},"219":{"start":{"line":220,"column":0},"end":{"line":220,"column":0}},"220":{"start":{"line":221,"column":0},"end":{"line":221,"column":40}},"221":{"start":{"line":222,"column":0},"end":{"line":222,"column":68}},"222":{"start":{"line":223,"column":0},"end":{"line":223,"column":73}},"223":{"start":{"line":224,"column":0},"end":{"line":224,"column":22}},"224":{"start":{"line":225,"column":0},"end":{"line":225,"column":70}},"225":{"start":{"line":226,"column":0},"end":{"line":226,"column":84}},"226":{"start":{"line":227,"column":0},"end":{"line":227,"column":22}},"227":{"start":{"line":228,"column":0},"end":{"line":228,"column":20}},"228":{"start":{"line":229,"column":0},"end":{"line":229,"column":0}},"229":{"start":{"line":230,"column":0},"end":{"line":230,"column":21}},"230":{"start":{"line":231,"column":0},"end":{"line":231,"column":42}},"231":{"start":{"line":232,"column":0},"end":{"line":232,"column":181}},"232":{"start":{"line":233,"column":0},"end":{"line":233,"column":15}},"233":{"start":{"line":234,"column":0},"end":{"line":234,"column":64}},"234":{"start":{"line":235,"column":0},"end":{"line":235,"column":37}},"235":{"start":{"line":236,"column":0},"end":{"line":236,"column":23}},"236":{"start":{"line":237,"column":0},"end":{"line":237,"column":0}},"237":{"start":{"line":238,"column":0},"end":{"line":238,"column":40}},"238":{"start":{"line":239,"column":0},"end":{"line":239,"column":68}},"239":{"start":{"line":240,"column":0},"end":{"line":240,"column":73}},"240":{"start":{"line":241,"column":0},"end":{"line":241,"column":22}},"241":{"start":{"line":242,"column":0},"end":{"line":242,"column":70}},"242":{"start":{"line":243,"column":0},"end":{"line":243,"column":90}},"243":{"start":{"line":244,"column":0},"end":{"line":244,"column":22}},"244":{"start":{"line":245,"column":0},"end":{"line":245,"column":20}},"245":{"start":{"line":246,"column":0},"end":{"line":246,"column":0}},"246":{"start":{"line":247,"column":0},"end":{"line":247,"column":21}},"247":{"start":{"line":248,"column":0},"end":{"line":248,"column":55}},"248":{"start":{"line":249,"column":0},"end":{"line":249,"column":213}},"249":{"start":{"line":250,"column":0},"end":{"line":250,"column":15}},"250":{"start":{"line":251,"column":0},"end":{"line":251,"column":57}},"251":{"start":{"line":252,"column":0},"end":{"line":252,"column":38}},"252":{"start":{"line":253,"column":0},"end":{"line":253,"column":23}},"253":{"start":{"line":254,"column":0},"end":{"line":254,"column":18}},"254":{"start":{"line":255,"column":0},"end":{"line":255,"column":16}},"255":{"start":{"line":256,"column":0},"end":{"line":256,"column":12}},"256":{"start":{"line":257,"column":0},"end":{"line":257,"column":14}},"257":{"start":{"line":258,"column":0},"end":{"line":258,"column":8}},"258":{"start":{"line":259,"column":0},"end":{"line":259,"column":0}},"259":{"start":{"line":260,"column":0},"end":{"line":260,"column":24}},"260":{"start":{"line":261,"column":0},"end":{"line":261,"column":33}},"261":{"start":{"line":262,"column":0},"end":{"line":262,"column":50}},"262":{"start":{"line":263,"column":0},"end":{"line":263,"column":30}},"263":{"start":{"line":264,"column":0},"end":{"line":264,"column":34}},"264":{"start":{"line":265,"column":0},"end":{"line":265,"column":187}},"265":{"start":{"line":266,"column":0},"end":{"line":266,"column":39}},"266":{"start":{"line":267,"column":0},"end":{"line":267,"column":24}},"267":{"start":{"line":268,"column":0},"end":{"line":268,"column":8}},"268":{"start":{"line":269,"column":0},"end":{"line":269,"column":0}},"269":{"start":{"line":270,"column":0},"end":{"line":270,"column":23}},"270":{"start":{"line":271,"column":0},"end":{"line":271,"column":34}},"271":{"start":{"line":272,"column":0},"end":{"line":272,"column":51}},"272":{"start":{"line":273,"column":0},"end":{"line":273,"column":8}},"273":{"start":{"line":274,"column":0},"end":{"line":274,"column":10}},"274":{"start":{"line":275,"column":0},"end":{"line":275,"column":4}},"275":{"start":{"line":276,"column":0},"end":{"line":276,"column":1}},"276":{"start":{"line":277,"column":0},"end":{"line":277,"column":0}},"277":{"start":{"line":278,"column":0},"end":{"line":278,"column":19}}},"s":{"0":1,"1":1,"2":1,"3":1,"4":1,"5":1,"6":1,"7":1,"8":1,"9":1,"10":8,"11":8,"12":8,"13":8,"14":8,"15":8,"16":8,"17":8,"18":8,"19":8,"20":1,"21":1,"22":8,"23":8,"24":0,"25":0,"26":0,"27":0,"28":0,"29":0,"30":0,"31":0,"32":0,"33":0,"34":0,"35":0,"36":0,"37":0,"38":0,"39":0,"40":0,"41":0,"42":0,"43":0,"44":0,"45":0,"46":0,"47":0,"48":0,"49":0,"50":0,"51":0,"52":0,"53":0,"54":0,"55":0,"56":0,"57":0,"58":0,"59":0,"60":0,"61":0,"62":0,"63":0,"64":0,"65":0,"66":0,"67":0,"68":0,"69":0,"70":0,"71":0,"72":0,"73":0,"74":0,"75":0,"76":0,"77":0,"78":0,"79":0,"80":0,"81":0,"82":0,"83":0,"84":0,"85":0,"86":0,"87":0,"88":0,"89":0,"90":8,"91":8,"92":0,"93":0,"94":8,"95":8,"96":0,"97":0,"98":0,"99":0,"100":0,"101":0,"102":0,"103":0,"104":0,"105":0,"106":0,"107":0,"108":0,"109":0,"110":0,"111":0,"112":0,"113":0,"114":8,"115":8,"116":8,"117":0,"118":0,"119":0,"120":8,"121":8,"122":8,"123":8,"124":8,"125":8,"126":8,"127":0,"128":0,"129":0,"130":0,"131":8,"132":8,"133":8,"134":3,"135":3,"136":3,"137":3,"138":3,"139":3,"140":3,"141":3,"142":3,"143":3,"144":3,"145":3,"146":5,"147":5,"148":5,"149":5,"150":1,"151":1,"152":0,"153":0,"154":0,"155":1,"156":1,"157":4,"158":4,"159":4,"160":4,"161":4,"162":4,"163":4,"164":4,"165":4,"166":4,"167":4,"168":4,"169":4,"170":4,"171":4,"172":4,"173":4,"174":4,"175":4,"176":4,"177":4,"178":4,"179":4,"180":4,"181":4,"182":0,"183":4,"184":4,"185":4,"186":4,"187":4,"188":4,"189":4,"190":4,"191":4,"192":4,"193":4,"194":4,"195":4,"196":4,"197":4,"198":4,"199":4,"200":4,"201":4,"202":4,"203":4,"204":4,"205":4,"206":4,"207":4,"208":4,"209":4,"210":4,"211":4,"212":4,"213":4,"214":4,"215":4,"216":4,"217":4,"218":4,"219":4,"220":4,"221":4,"222":4,"223":4,"224":4,"225":4,"226":4,"227":4,"228":4,"229":4,"230":4,"231":4,"232":4,"233":4,"234":4,"235":4,"236":4,"237":4,"238":4,"239":4,"240":4,"241":4,"242":4,"243":4,"244":4,"245":4,"246":4,"247":4,"248":4,"249":4,"250":4,"251":4,"252":4,"253":4,"254":4,"255":5,"256":5,"257":8,"258":8,"259":8,"260":8,"261":8,"262":8,"263":8,"264":8,"265":8,"266":8,"267":8,"268":8,"269":8,"270":8,"271":8,"272":8,"273":8,"274":8,"275":8,"276":1,"277":1},"branchMap":{"0":{"type":"branch","line":11,"loc":{"start":{"line":11,"column":0},"end":{"line":276,"column":1}},"locations":[{"start":{"line":11,"column":0},"end":{"line":276,"column":1}}]},"1":{"type":"branch","line":117,"loc":{"start":{"line":117,"column":22},"end":{"line":117,"column":38}},"locations":[{"start":{"line":117,"column":22},"end":{"line":117,"column":38}}]},"2":{"type":"branch","line":117,"loc":{"start":{"line":117,"column":30},"end":{"line":121,"column":29}},"locations":[{"start":{"line":117,"column":30},"end":{"line":121,"column":29}}]},"3":{"type":"branch","line":127,"loc":{"start":{"line":127,"column":7},"end":{"line":127,"column":25}},"locations":[{"start":{"line":127,"column":7},"end":{"line":127,"column":25}}]},"4":{"type":"branch","line":127,"loc":{"start":{"line":127,"column":15},"end":{"line":131,"column":10}},"locations":[{"start":{"line":127,"column":15},"end":{"line":131,"column":10}}]},"5":{"type":"branch","line":134,"loc":{"start":{"line":134,"column":7},"end":{"line":146,"column":11}},"locations":[{"start":{"line":134,"column":7},"end":{"line":146,"column":11}}]},"6":{"type":"branch","line":146,"loc":{"start":{"line":146,"column":8},"end":{"line":257,"column":14}},"locations":[{"start":{"line":146,"column":8},"end":{"line":257,"column":14}}]},"7":{"type":"branch","line":150,"loc":{"start":{"line":150,"column":11},"end":{"line":157,"column":14}},"locations":[{"start":{"line":150,"column":11},"end":{"line":157,"column":14}}]},"8":{"type":"branch","line":157,"loc":{"start":{"line":157,"column":12},"end":{"line":255,"column":16}},"locations":[{"start":{"line":157,"column":12},"end":{"line":255,"column":16}}]},"9":{"type":"branch","line":182,"loc":{"start":{"line":182,"column":17},"end":{"line":183,"column":93}},"locations":[{"start":{"line":182,"column":17},"end":{"line":183,"column":93}}]},"10":{"type":"branch","line":20,"loc":{"start":{"line":20,"column":27},"end":{"line":22,"column":4}},"locations":[{"start":{"line":20,"column":27},"end":{"line":22,"column":4}}]},"11":{"type":"branch","line":138,"loc":{"start":{"line":138,"column":23},"end":{"line":138,"column":55}},"locations":[{"start":{"line":138,"column":23},"end":{"line":138,"column":55}}]},"12":{"type":"branch","line":156,"loc":{"start":{"line":156,"column":26},"end":{"line":156,"column":57}},"locations":[{"start":{"line":156,"column":26},"end":{"line":156,"column":57}}]},"13":{"type":"branch","line":248,"loc":{"start":{"line":248,"column":25},"end":{"line":248,"column":55}},"locations":[{"start":{"line":248,"column":25},"end":{"line":248,"column":55}}]}},"b":{"0":[8],"1":[3],"2":[0],"3":[3],"4":[0],"5":[3],"6":[5],"7":[1],"8":[4],"9":[0],"10":[1],"11":[1],"12":[1],"13":[1]},"fnMap":{"0":{"name":"App","decl":{"start":{"line":11,"column":0},"end":{"line":276,"column":1}},"loc":{"start":{"line":11,"column":0},"end":{"line":276,"column":1}},"line":11},"1":{"name":"handleLoadSample","decl":{"start":{"line":20,"column":27},"end":{"line":22,"column":4}},"loc":{"start":{"line":20,"column":27},"end":{"line":22,"column":4}},"line":20},"2":{"name":"processQuizData","decl":{"start":{"line":24,"column":26},"end":{"line":90,"column":4}},"loc":{"start":{"line":24,"column":26},"end":{"line":90,"column":4}},"line":24},"3":{"name":"handleLoadJson","decl":{"start":{"line":92,"column":25},"end":{"line":94,"column":4}},"loc":{"start":{"line":92,"column":25},"end":{"line":94,"column":4}},"line":92},"4":{"name":"handleFileUpload","decl":{"start":{"line":96,"column":27},"end":{"line":114,"column":4}},"loc":{"start":{"line":96,"column":27},"end":{"line":114,"column":4}},"line":96},"5":{"name":"onClick","decl":{"start":{"line":138,"column":23},"end":{"line":138,"column":55}},"loc":{"start":{"line":138,"column":23},"end":{"line":138,"column":55}},"line":138},"6":{"name":"onQuizGenerated","decl":{"start":{"line":152,"column":33},"end":{"line":155,"column":18}},"loc":{"start":{"line":152,"column":33},"end":{"line":155,"column":18}},"line":152},"7":{"name":"onCancel","decl":{"start":{"line":156,"column":26},"end":{"line":156,"column":57}},"loc":{"start":{"line":156,"column":26},"end":{"line":156,"column":57}},"line":156},"8":{"name":"onClick","decl":{"start":{"line":161,"column":25},"end":{"line":161,"column":58}},"loc":{"start":{"line":161,"column":25},"end":{"line":161,"column":58}},"line":161},"9":{"name":"onChange","decl":{"start":{"line":177,"column":28},"end":{"line":177,"column":64}},"loc":{"start":{"line":177,"column":28},"end":{"line":177,"column":64}},"line":177},"10":{"name":"onClick","decl":{"start":{"line":214,"column":25},"end":{"line":214,"column":61}},"loc":{"start":{"line":214,"column":25},"end":{"line":214,"column":61}},"line":214},"11":{"name":"onClick","decl":{"start":{"line":248,"column":25},"end":{"line":248,"column":55}},"loc":{"start":{"line":248,"column":25},"end":{"line":248,"column":55}},"line":248},"12":{"name":"onClose","decl":{"start":{"line":262,"column":17},"end":{"line":262,"column":50}},"loc":{"start":{"line":262,"column":17},"end":{"line":262,"column":50}},"line":262},"13":{"name":"onClose","decl":{"start":{"line":272,"column":17},"end":{"line":272,"column":51}},"loc":{"start":{"line":272,"column":17},"end":{"line":272,"column":51}},"line":272}},"f":{"0":8,"1":1,"2":0,"3":0,"4":0,"5":1,"6":0,"7":1,"8":0,"9":0,"10":0,"11":1,"12":0,"13":0}}
,"/Users/prasad/.gemini/antigravity/scratch/quiz-platform/src/main.tsx": {"path":"/Users/prasad/.gemini/antigravity/scratch/quiz-platform/src/main.tsx","all":true,"statementMap":{"0":{"start":{"line":1,"column":0},"end":{"line":1,"column":25}},"1":{"start":{"line":2,"column":0},"end":{"line":2,"column":39}},"2":{"start":{"line":3,"column":0},"end":{"line":3,"column":27}},"3":{"start":{"line":4,"column":0},"end":{"line":4,"column":20}},"4":{"start":{"line":5,"column":0},"end":{"line":5,"column":33}},"5":{"start":{"line":6,"column":0},"end":{"line":6,"column":0}},"6":{"start":{"line":7,"column":0},"end":{"line":7,"column":61}},"7":{"start":{"line":8,"column":0},"end":{"line":8,"column":20}},"8":{"start":{"line":9,"column":0},"end":{"line":9,"column":11}},"9":{"start":{"line":10,"column":0},"end":{"line":10,"column":22}},"10":{"start":{"line":11,"column":0},"end":{"line":11,"column":1}}},"s":{"0":0,"1":0,"2":0,"3":0,"4":0,"5":0,"6":0,"7":0,"8":0,"9":0,"10":0},"branchMap":{"0":{"type":"branch","line":1,"loc":{"start":{"line":1,"column":269},"end":{"line":11,"column":1}},"locations":[{"start":{"line":1,"column":269},"end":{"line":11,"column":1}}]}},"b":{"0":[0]},"fnMap":{"0":{"name":"(empty-report)","decl":{"start":{"line":1,"column":269},"end":{"line":11,"column":1}},"loc":{"start":{"line":1,"column":269},"end":{"line":11,"column":1}},"line":1}},"f":{"0":0}}
,"/Users/prasad/.gemini/antigravity/scratch/quiz-platform/src/components/ApiKeyHelpModal.tsx": {"path":"/Users/prasad/.gemini/antigravity/scratch/quiz-platform/src/components/ApiKeyHelpModal.tsx","all":false,"statementMap":{"0":{"start":{"line":1,"column":0},"end":{"line":1,"column":26}},"1":{"start":{"line":2,"column":0},"end":{"line":2,"column":56}},"2":{"start":{"line":3,"column":0},"end":{"line":3,"column":77}},"3":{"start":{"line":4,"column":0},"end":{"line":4,"column":0}},"4":{"start":{"line":5,"column":0},"end":{"line":5,"column":32}},"5":{"start":{"line":6,"column":0},"end":{"line":6,"column":18}},"6":{"start":{"line":7,"column":0},"end":{"line":7,"column":22}},"7":{"start":{"line":8,"column":0},"end":{"line":8,"column":1}},"8":{"start":{"line":9,"column":0},"end":{"line":9,"column":0}},"9":{"start":{"line":10,"column":0},"end":{"line":10,"column":89}},"10":{"start":{"line":11,"column":0},"end":{"line":11,"column":27}},"11":{"start":{"line":12,"column":0},"end":{"line":12,"column":0}},"12":{"start":{"line":13,"column":0},"end":{"line":13,"column":10}},"13":{"start":{"line":14,"column":0},"end":{"line":14,"column":21}},"14":{"start":{"line":15,"column":0},"end":{"line":15,"column":79}},"15":{"start":{"line":16,"column":0},"end":{"line":16,"column":24}},"16":{"start":{"line":17,"column":0},"end":{"line":17,"column":19}},"17":{"start":{"line":18,"column":0},"end":{"line":18,"column":34}},"18":{"start":{"line":19,"column":0},"end":{"line":19,"column":34}},"19":{"start":{"line":20,"column":0},"end":{"line":20,"column":31}},"20":{"start":{"line":21,"column":0},"end":{"line":21,"column":27}},"21":{"start":{"line":22,"column":0},"end":{"line":22,"column":67}},"22":{"start":{"line":23,"column":0},"end":{"line":23,"column":10}},"23":{"start":{"line":24,"column":0},"end":{"line":24,"column":0}},"24":{"start":{"line":25,"column":0},"end":{"line":25,"column":21}},"25":{"start":{"line":26,"column":0},"end":{"line":26,"column":19}},"26":{"start":{"line":27,"column":0},"end":{"line":27,"column":54}},"27":{"start":{"line":28,"column":0},"end":{"line":28,"column":50}},"28":{"start":{"line":29,"column":0},"end":{"line":29,"column":51}},"29":{"start":{"line":30,"column":0},"end":{"line":30,"column":125}},"30":{"start":{"line":31,"column":0},"end":{"line":31,"column":9}},"31":{"start":{"line":32,"column":0},"end":{"line":32,"column":24}},"32":{"start":{"line":33,"column":0},"end":{"line":33,"column":96}},"33":{"start":{"line":34,"column":0},"end":{"line":34,"column":62}},"34":{"start":{"line":35,"column":0},"end":{"line":35,"column":55}},"35":{"start":{"line":36,"column":0},"end":{"line":36,"column":77}},"36":{"start":{"line":37,"column":0},"end":{"line":37,"column":56}},"37":{"start":{"line":38,"column":0},"end":{"line":38,"column":22}},"38":{"start":{"line":39,"column":0},"end":{"line":39,"column":21}},"39":{"start":{"line":40,"column":0},"end":{"line":40,"column":76}},"40":{"start":{"line":41,"column":0},"end":{"line":41,"column":93}},"41":{"start":{"line":42,"column":0},"end":{"line":42,"column":22}},"42":{"start":{"line":43,"column":0},"end":{"line":43,"column":20}},"43":{"start":{"line":44,"column":0},"end":{"line":44,"column":22}},"44":{"start":{"line":45,"column":0},"end":{"line":45,"column":33}},"45":{"start":{"line":46,"column":0},"end":{"line":46,"column":34}},"46":{"start":{"line":47,"column":0},"end":{"line":47,"column":111}},"47":{"start":{"line":48,"column":0},"end":{"line":48,"column":15}},"48":{"start":{"line":49,"column":0},"end":{"line":49,"column":41}},"49":{"start":{"line":50,"column":0},"end":{"line":50,"column":23}},"50":{"start":{"line":51,"column":0},"end":{"line":51,"column":18}},"51":{"start":{"line":52,"column":0},"end":{"line":52,"column":16}},"52":{"start":{"line":53,"column":0},"end":{"line":53,"column":0}},"53":{"start":{"line":54,"column":0},"end":{"line":54,"column":48}},"54":{"start":{"line":55,"column":0},"end":{"line":55,"column":31}},"55":{"start":{"line":56,"column":0},"end":{"line":56,"column":82}},"56":{"start":{"line":57,"column":0},"end":{"line":57,"column":69}},"57":{"start":{"line":58,"column":0},"end":{"line":58,"column":188}},"58":{"start":{"line":59,"column":0},"end":{"line":59,"column":18}},"59":{"start":{"line":60,"column":0},"end":{"line":60,"column":18}},"60":{"start":{"line":61,"column":0},"end":{"line":61,"column":0}},"61":{"start":{"line":62,"column":0},"end":{"line":62,"column":40}},"62":{"start":{"line":63,"column":0},"end":{"line":63,"column":67}},"63":{"start":{"line":64,"column":0},"end":{"line":64,"column":132}},"64":{"start":{"line":65,"column":0},"end":{"line":65,"column":73}},"65":{"start":{"line":66,"column":0},"end":{"line":66,"column":21}},"66":{"start":{"line":67,"column":0},"end":{"line":67,"column":88}},"67":{"start":{"line":68,"column":0},"end":{"line":68,"column":91}},"68":{"start":{"line":69,"column":0},"end":{"line":69,"column":22}},"69":{"start":{"line":70,"column":0},"end":{"line":70,"column":20}},"70":{"start":{"line":71,"column":0},"end":{"line":71,"column":132}},"71":{"start":{"line":72,"column":0},"end":{"line":72,"column":71}},"72":{"start":{"line":73,"column":0},"end":{"line":73,"column":21}},"73":{"start":{"line":74,"column":0},"end":{"line":74,"column":86}},"74":{"start":{"line":75,"column":0},"end":{"line":75,"column":99}},"75":{"start":{"line":76,"column":0},"end":{"line":76,"column":22}},"76":{"start":{"line":77,"column":0},"end":{"line":77,"column":20}},"77":{"start":{"line":78,"column":0},"end":{"line":78,"column":18}},"78":{"start":{"line":79,"column":0},"end":{"line":79,"column":0}},"79":{"start":{"line":80,"column":0},"end":{"line":80,"column":25}},"80":{"start":{"line":81,"column":0},"end":{"line":81,"column":17}},"81":{"start":{"line":82,"column":0},"end":{"line":82,"column":87}},"82":{"start":{"line":83,"column":0},"end":{"line":83,"column":127}},"83":{"start":{"line":84,"column":0},"end":{"line":84,"column":36}},"84":{"start":{"line":85,"column":0},"end":{"line":85,"column":19}},"85":{"start":{"line":86,"column":0},"end":{"line":86,"column":93}},"86":{"start":{"line":87,"column":0},"end":{"line":87,"column":54}},"87":{"start":{"line":88,"column":0},"end":{"line":88,"column":203}},"88":{"start":{"line":89,"column":0},"end":{"line":89,"column":73}},"89":{"start":{"line":90,"column":0},"end":{"line":90,"column":48}},"90":{"start":{"line":91,"column":0},"end":{"line":91,"column":21}},"91":{"start":{"line":92,"column":0},"end":{"line":92,"column":54}},"92":{"start":{"line":93,"column":0},"end":{"line":93,"column":74}},"93":{"start":{"line":94,"column":0},"end":{"line":94,"column":21}},"94":{"start":{"line":95,"column":0},"end":{"line":95,"column":54}},"95":{"start":{"line":96,"column":0},"end":{"line":96,"column":87}},"96":{"start":{"line":97,"column":0},"end":{"line":97,"column":21}},"97":{"start":{"line":98,"column":0},"end":{"line":98,"column":19}},"98":{"start":{"line":99,"column":0},"end":{"line":99,"column":18}},"99":{"start":{"line":100,"column":0},"end":{"line":100,"column":12}},"100":{"start":{"line":101,"column":0},"end":{"line":101,"column":34}},"101":{"start":{"line":102,"column":0},"end":{"line":102,"column":20}},"102":{"start":{"line":103,"column":0},"end":{"line":103,"column":66}},"103":{"start":{"line":104,"column":0},"end":{"line":104,"column":36}},"104":{"start":{"line":105,"column":0},"end":{"line":105,"column":45}},"105":{"start":{"line":106,"column":0},"end":{"line":106,"column":190}},"106":{"start":{"line":107,"column":0},"end":{"line":107,"column":37}},"107":{"start":{"line":108,"column":0},"end":{"line":108,"column":17}},"108":{"start":{"line":109,"column":0},"end":{"line":109,"column":39}},"109":{"start":{"line":110,"column":0},"end":{"line":110,"column":56}},"110":{"start":{"line":111,"column":0},"end":{"line":111,"column":20}},"111":{"start":{"line":112,"column":0},"end":{"line":112,"column":18}},"112":{"start":{"line":113,"column":0},"end":{"line":113,"column":16}},"113":{"start":{"line":114,"column":0},"end":{"line":114,"column":21}},"114":{"start":{"line":115,"column":0},"end":{"line":115,"column":12}},"115":{"start":{"line":116,"column":0},"end":{"line":116,"column":22}},"116":{"start":{"line":117,"column":0},"end":{"line":117,"column":4}},"117":{"start":{"line":118,"column":0},"end":{"line":118,"column":2}}},"s":{"0":1,"1":1,"2":1,"3":1,"4":1,"5":1,"6":1,"7":1,"8":1,"9":1,"10":21,"11":1,"12":1,"13":1,"14":1,"15":1,"16":1,"17":1,"18":1,"19":1,"20":1,"21":1,"22":1,"23":1,"24":1,"25":1,"26":1,"27":1,"28":1,"29":1,"30":1,"31":1,"32":1,"33":1,"34":1,"35":1,"36":1,"37":1,"38":1,"39":1,"40":1,"41":1,"42":1,"43":1,"44":1,"45":1,"46":1,"47":1,"48":1,"49":1,"50":1,"51":1,"52":1,"53":1,"54":1,"55":1,"56":1,"57":1,"58":1,"59":1,"60":1,"61":1,"62":1,"63":1,"64":1,"65":1,"66":1,"67":1,"68":1,"69":1,"70":1,"71":1,"72":1,"73":1,"74":1,"75":1,"76":1,"77":1,"78":1,"79":1,"80":1,"81":1,"82":1,"83":1,"84":1,"85":1,"86":1,"87":1,"88":1,"89":1,"90":1,"91":1,"92":1,"93":1,"94":1,"95":1,"96":1,"97":1,"98":1,"99":1,"100":1,"101":1,"102":1,"103":1,"104":1,"105":1,"106":1,"107":1,"108":1,"109":1,"110":1,"111":1,"112":1,"113":1,"114":1,"115":1,"116":1,"117":1},"branchMap":{"0":{"type":"branch","line":10,"loc":{"start":{"line":10,"column":63},"end":{"line":118,"column":2}},"locations":[{"start":{"line":10,"column":63},"end":{"line":118,"column":2}}]},"1":{"type":"branch","line":11,"loc":{"start":{"line":11,"column":15},"end":{"line":11,"column":27}},"locations":[{"start":{"line":11,"column":15},"end":{"line":11,"column":27}}]},"2":{"type":"branch","line":11,"loc":{"start":{"line":11,"column":22},"end":{"line":118,"column":2}},"locations":[{"start":{"line":11,"column":22},"end":{"line":118,"column":2}}]}},"b":{"0":[21],"1":[20],"2":[1]},"fnMap":{"0":{"name":"ApiKeyHelpModal","decl":{"start":{"line":10,"column":63},"end":{"line":118,"column":2}},"loc":{"start":{"line":10,"column":63},"end":{"line":118,"column":2}},"line":10}},"f":{"0":21}}
,"/Users/prasad/.gemini/antigravity/scratch/quiz-platform/src/components/CompactNavigation.tsx": {"path":"/Users/prasad/.gemini/antigravity/scratch/quiz-platform/src/components/CompactNavigation.tsx","all":false,"statementMap":{"0":{"start":{"line":1,"column":0},"end":{"line":1,"column":40}},"1":{"start":{"line":2,"column":0},"end":{"line":2,"column":50}},"2":{"start":{"line":3,"column":0},"end":{"line":3,"column":28}},"3":{"start":{"line":4,"column":0},"end":{"line":4,"column":38}},"4":{"start":{"line":5,"column":0},"end":{"line":5,"column":56}},"5":{"start":{"line":6,"column":0},"end":{"line":6,"column":0}},"6":{"start":{"line":7,"column":0},"end":{"line":7,"column":50}},"7":{"start":{"line":8,"column":0},"end":{"line":8,"column":103}},"8":{"start":{"line":9,"column":0},"end":{"line":9,"column":48}},"9":{"start":{"line":10,"column":0},"end":{"line":10,"column":0}},"10":{"start":{"line":11,"column":0},"end":{"line":11,"column":29}},"11":{"start":{"line":12,"column":0},"end":{"line":12,"column":0}},"12":{"start":{"line":13,"column":0},"end":{"line":13,"column":12}},"13":{"start":{"line":14,"column":0},"end":{"line":14,"column":121}},"14":{"start":{"line":15,"column":0},"end":{"line":15,"column":20}},"15":{"start":{"line":16,"column":0},"end":{"line":16,"column":47}},"16":{"start":{"line":17,"column":0},"end":{"line":17,"column":117}},"17":{"start":{"line":18,"column":0},"end":{"line":18,"column":14}},"18":{"start":{"line":19,"column":0},"end":{"line":19,"column":43}},"19":{"start":{"line":20,"column":0},"end":{"line":20,"column":70}},"20":{"start":{"line":21,"column":0},"end":{"line":21,"column":22}},"21":{"start":{"line":22,"column":0},"end":{"line":22,"column":0}},"22":{"start":{"line":23,"column":0},"end":{"line":23,"column":29}},"23":{"start":{"line":24,"column":0},"end":{"line":24,"column":91}},"24":{"start":{"line":25,"column":0},"end":{"line":25,"column":51}},"25":{"start":{"line":26,"column":0},"end":{"line":26,"column":70}},"26":{"start":{"line":27,"column":0},"end":{"line":27,"column":82}},"27":{"start":{"line":28,"column":0},"end":{"line":28,"column":67}},"28":{"start":{"line":29,"column":0},"end":{"line":29,"column":0}},"29":{"start":{"line":30,"column":0},"end":{"line":30,"column":28}},"30":{"start":{"line":31,"column":0},"end":{"line":31,"column":28}},"31":{"start":{"line":32,"column":0},"end":{"line":32,"column":38}},"32":{"start":{"line":33,"column":0},"end":{"line":33,"column":44}},"33":{"start":{"line":34,"column":0},"end":{"line":34,"column":55}},"34":{"start":{"line":35,"column":0},"end":{"line":35,"column":61}},"35":{"start":{"line":36,"column":0},"end":{"line":36,"column":63}},"36":{"start":{"line":37,"column":0},"end":{"line":37,"column":46}},"37":{"start":{"line":38,"column":0},"end":{"line":38,"column":81}},"38":{"start":{"line":39,"column":0},"end":{"line":39,"column":30}},"39":{"start":{"line":40,"column":0},"end":{"line":40,"column":119}},"40":{"start":{"line":41,"column":0},"end":{"line":41,"column":26}},"41":{"start":{"line":42,"column":0},"end":{"line":42,"column":22}},"42":{"start":{"line":43,"column":0},"end":{"line":43,"column":19}},"43":{"start":{"line":44,"column":0},"end":{"line":44,"column":19}},"44":{"start":{"line":45,"column":0},"end":{"line":45,"column":0}},"45":{"start":{"line":46,"column":0},"end":{"line":46,"column":30}},"46":{"start":{"line":47,"column":0},"end":{"line":47,"column":28}},"47":{"start":{"line":48,"column":0},"end":{"line":48,"column":22}},"48":{"start":{"line":49,"column":0},"end":{"line":49,"column":40}},"49":{"start":{"line":50,"column":0},"end":{"line":50,"column":35}},"50":{"start":{"line":51,"column":0},"end":{"line":51,"column":52}},"51":{"start":{"line":52,"column":0},"end":{"line":52,"column":52}},"52":{"start":{"line":53,"column":0},"end":{"line":53,"column":49}},"53":{"start":{"line":54,"column":0},"end":{"line":54,"column":60}},"54":{"start":{"line":55,"column":0},"end":{"line":55,"column":87}},"55":{"start":{"line":56,"column":0},"end":{"line":56,"column":26}},"56":{"start":{"line":57,"column":0},"end":{"line":57,"column":24}},"57":{"start":{"line":58,"column":0},"end":{"line":58,"column":38}},"58":{"start":{"line":59,"column":0},"end":{"line":59,"column":35}},"59":{"start":{"line":60,"column":0},"end":{"line":60,"column":51}},"60":{"start":{"line":61,"column":0},"end":{"line":61,"column":46}},"61":{"start":{"line":62,"column":0},"end":{"line":62,"column":48}},"62":{"start":{"line":63,"column":0},"end":{"line":63,"column":72}},"63":{"start":{"line":64,"column":0},"end":{"line":64,"column":118}},"64":{"start":{"line":65,"column":0},"end":{"line":65,"column":25}},"65":{"start":{"line":66,"column":0},"end":{"line":66,"column":84}},"66":{"start":{"line":67,"column":0},"end":{"line":67,"column":97}},"67":{"start":{"line":68,"column":0},"end":{"line":68,"column":40}},"68":{"start":{"line":69,"column":0},"end":{"line":69,"column":68}},"69":{"start":{"line":70,"column":0},"end":{"line":70,"column":100}},"70":{"start":{"line":71,"column":0},"end":{"line":71,"column":33}},"71":{"start":{"line":72,"column":0},"end":{"line":72,"column":75}},"72":{"start":{"line":73,"column":0},"end":{"line":73,"column":41}},"73":{"start":{"line":74,"column":0},"end":{"line":74,"column":34}},"74":{"start":{"line":75,"column":0},"end":{"line":75,"column":0}},"75":{"start":{"line":76,"column":0},"end":{"line":76,"column":68}},"76":{"start":{"line":77,"column":0},"end":{"line":77,"column":67}},"77":{"start":{"line":78,"column":0},"end":{"line":78,"column":83}},"78":{"start":{"line":79,"column":0},"end":{"line":79,"column":98}},"79":{"start":{"line":80,"column":0},"end":{"line":80,"column":86}},"80":{"start":{"line":81,"column":0},"end":{"line":81,"column":0}},"81":{"start":{"line":82,"column":0},"end":{"line":82,"column":44}},"82":{"start":{"line":83,"column":0},"end":{"line":83,"column":47}},"83":{"start":{"line":84,"column":0},"end":{"line":84,"column":54}},"84":{"start":{"line":85,"column":0},"end":{"line":85,"column":60}},"85":{"start":{"line":86,"column":0},"end":{"line":86,"column":68}},"86":{"start":{"line":87,"column":0},"end":{"line":87,"column":65}},"87":{"start":{"line":88,"column":0},"end":{"line":88,"column":46}},"88":{"start":{"line":89,"column":0},"end":{"line":89,"column":60}},"89":{"start":{"line":90,"column":0},"end":{"line":90,"column":150}},"90":{"start":{"line":91,"column":0},"end":{"line":91,"column":58}},"91":{"start":{"line":92,"column":0},"end":{"line":92,"column":124}},"92":{"start":{"line":93,"column":0},"end":{"line":93,"column":63}},"93":{"start":{"line":94,"column":0},"end":{"line":94,"column":129}},"94":{"start":{"line":95,"column":0},"end":{"line":95,"column":69}},"95":{"start":{"line":96,"column":0},"end":{"line":96,"column":118}},"96":{"start":{"line":97,"column":0},"end":{"line":97,"column":107}},"97":{"start":{"line":98,"column":0},"end":{"line":98,"column":46}},"98":{"start":{"line":99,"column":0},"end":{"line":99,"column":41}},"99":{"start":{"line":100,"column":0},"end":{"line":100,"column":53}},"100":{"start":{"line":101,"column":0},"end":{"line":101,"column":49}},"101":{"start":{"line":102,"column":0},"end":{"line":102,"column":38}},"102":{"start":{"line":103,"column":0},"end":{"line":103,"column":35}},"103":{"start":{"line":104,"column":0},"end":{"line":104,"column":34}},"104":{"start":{"line":105,"column":0},"end":{"line":105,"column":0}},"105":{"start":{"line":106,"column":0},"end":{"line":106,"column":60}},"106":{"start":{"line":107,"column":0},"end":{"line":107,"column":120}},"107":{"start":{"line":108,"column":0},"end":{"line":108,"column":95}},"108":{"start":{"line":109,"column":0},"end":{"line":109,"column":97}},"109":{"start":{"line":110,"column":0},"end":{"line":110,"column":38}},"110":{"start":{"line":111,"column":0},"end":{"line":111,"column":95}},"111":{"start":{"line":112,"column":0},"end":{"line":112,"column":97}},"112":{"start":{"line":113,"column":0},"end":{"line":113,"column":38}},"113":{"start":{"line":114,"column":0},"end":{"line":114,"column":95}},"114":{"start":{"line":115,"column":0},"end":{"line":115,"column":124}},"115":{"start":{"line":116,"column":0},"end":{"line":116,"column":38}},"116":{"start":{"line":117,"column":0},"end":{"line":117,"column":95}},"117":{"start":{"line":118,"column":0},"end":{"line":118,"column":99}},"118":{"start":{"line":119,"column":0},"end":{"line":119,"column":38}},"119":{"start":{"line":120,"column":0},"end":{"line":120,"column":34}},"120":{"start":{"line":121,"column":0},"end":{"line":121,"column":37}},"121":{"start":{"line":122,"column":0},"end":{"line":122,"column":23}},"122":{"start":{"line":123,"column":0},"end":{"line":123,"column":18}},"123":{"start":{"line":124,"column":0},"end":{"line":124,"column":31}},"124":{"start":{"line":125,"column":0},"end":{"line":125,"column":14}},"125":{"start":{"line":126,"column":0},"end":{"line":126,"column":6}},"126":{"start":{"line":127,"column":0},"end":{"line":127,"column":2}}},"s":{"0":1,"1":1,"2":1,"3":1,"4":1,"5":1,"6":1,"7":8,"8":8,"9":8,"10":8,"11":8,"12":8,"13":8,"14":8,"15":8,"16":8,"17":8,"18":8,"19":8,"20":8,"21":8,"22":8,"23":8,"24":8,"25":24,"26":24,"27":24,"28":24,"29":24,"30":24,"31":24,"32":24,"33":24,"34":24,"35":22,"36":20,"37":24,"38":24,"39":24,"40":24,"41":24,"42":8,"43":8,"44":8,"45":8,"46":8,"47":3,"48":3,"49":3,"50":3,"51":3,"52":3,"53":3,"54":3,"55":3,"56":3,"57":3,"58":3,"59":3,"60":3,"61":3,"62":3,"63":3,"64":3,"65":3,"66":3,"67":3,"68":3,"69":3,"70":3,"71":3,"72":3,"73":3,"74":3,"75":3,"76":3,"77":9,"78":9,"79":9,"80":9,"81":9,"82":9,"83":9,"84":9,"85":1,"86":1,"87":1,"88":9,"89":9,"90":9,"91":3,"92":6,"93":1,"94":5,"95":1,"96":4,"97":9,"98":9,"99":9,"100":9,"101":9,"102":3,"103":3,"104":3,"105":3,"106":3,"107":3,"108":3,"109":3,"110":3,"111":3,"112":3,"113":3,"114":3,"115":3,"116":3,"117":3,"118":3,"119":3,"120":3,"121":3,"122":8,"123":8,"124":8,"125":8,"126":8},"branchMap":{"0":{"type":"branch","line":7,"loc":{"start":{"line":7,"column":43},"end":{"line":127,"column":2}},"locations":[{"start":{"line":7,"column":43},"end":{"line":127,"column":2}}]},"1":{"type":"branch","line":11,"loc":{"start":{"line":11,"column":17},"end":{"line":11,"column":29}},"locations":[{"start":{"line":11,"column":17},"end":{"line":11,"column":29}}]},"2":{"type":"branch","line":47,"loc":{"start":{"line":47,"column":17},"end":{"line":122,"column":23}},"locations":[{"start":{"line":47,"column":17},"end":{"line":122,"column":23}}]},"3":{"type":"branch","line":16,"loc":{"start":{"line":16,"column":25},"end":{"line":16,"column":47}},"locations":[{"start":{"line":16,"column":25},"end":{"line":16,"column":47}}]},"4":{"type":"branch","line":25,"loc":{"start":{"line":25,"column":38},"end":{"line":43,"column":17}},"locations":[{"start":{"line":25,"column":38},"end":{"line":43,"column":17}}]},"5":{"type":"branch","line":27,"loc":{"start":{"line":27,"column":52},"end":{"line":27,"column":82}},"locations":[{"start":{"line":27,"column":52},"end":{"line":27,"column":82}}]},"6":{"type":"branch","line":35,"loc":{"start":{"line":35,"column":32},"end":{"line":35,"column":61}},"locations":[{"start":{"line":35,"column":32},"end":{"line":35,"column":61}}]},"7":{"type":"branch","line":35,"loc":{"start":{"line":35,"column":44},"end":{"line":37,"column":46}},"locations":[{"start":{"line":35,"column":44},"end":{"line":37,"column":46}}]},"8":{"type":"branch","line":36,"loc":{"start":{"line":36,"column":32},"end":{"line":36,"column":63}},"locations":[{"start":{"line":36,"column":32},"end":{"line":36,"column":63}}]},"9":{"type":"branch","line":36,"loc":{"start":{"line":36,"column":46},"end":{"line":37,"column":46}},"locations":[{"start":{"line":36,"column":46},"end":{"line":37,"column":46}}]},"10":{"type":"branch","line":38,"loc":{"start":{"line":38,"column":32},"end":{"line":38,"column":81}},"locations":[{"start":{"line":38,"column":32},"end":{"line":38,"column":81}}]},"11":{"type":"branch","line":40,"loc":{"start":{"line":40,"column":51},"end":{"line":40,"column":75}},"locations":[{"start":{"line":40,"column":51},"end":{"line":40,"column":75}}]},"12":{"type":"branch","line":40,"loc":{"start":{"line":40,"column":63},"end":{"line":40,"column":116}},"locations":[{"start":{"line":40,"column":63},"end":{"line":40,"column":116}}]},"13":{"type":"branch","line":40,"loc":{"start":{"line":40,"column":75},"end":{"line":40,"column":103}},"locations":[{"start":{"line":40,"column":75},"end":{"line":40,"column":103}}]},"14":{"type":"branch","line":40,"loc":{"start":{"line":40,"column":89},"end":{"line":40,"column":116}},"locations":[{"start":{"line":40,"column":89},"end":{"line":40,"column":116}}]},"15":{"type":"branch","line":77,"loc":{"start":{"line":77,"column":54},"end":{"line":103,"column":33}},"locations":[{"start":{"line":77,"column":54},"end":{"line":103,"column":33}}]},"16":{"type":"branch","line":79,"loc":{"start":{"line":79,"column":68},"end":{"line":79,"column":98}},"locations":[{"start":{"line":79,"column":68},"end":{"line":79,"column":98}}]},"17":{"type":"branch","line":91,"loc":{"start":{"line":91,"column":48},"end":{"line":92,"column":124}},"locations":[{"start":{"line":91,"column":48},"end":{"line":92,"column":124}}]},"18":{"type":"branch","line":92,"loc":{"start":{"line":92,"column":54},"end":{"line":97,"column":107}},"locations":[{"start":{"line":92,"column":54},"end":{"line":97,"column":107}}]},"19":{"type":"branch","line":93,"loc":{"start":{"line":93,"column":54},"end":{"line":94,"column":129}},"locations":[{"start":{"line":93,"column":54},"end":{"line":94,"column":129}}]},"20":{"type":"branch","line":94,"loc":{"start":{"line":94,"column":58},"end":{"line":97,"column":107}},"locations":[{"start":{"line":94,"column":58},"end":{"line":97,"column":107}}]},"21":{"type":"branch","line":95,"loc":{"start":{"line":95,"column":58},"end":{"line":96,"column":118}},"locations":[{"start":{"line":95,"column":58},"end":{"line":96,"column":118}}]},"22":{"type":"branch","line":96,"loc":{"start":{"line":96,"column":62},"end":{"line":97,"column":107}},"locations":[{"start":{"line":96,"column":62},"end":{"line":97,"column":107}}]},"23":{"type":"branch","line":85,"loc":{"start":{"line":85,"column":53},"end":{"line":88,"column":46}},"locations":[{"start":{"line":85,"column":53},"end":{"line":88,"column":46}}]}},"b":{"0":[8],"1":[0],"2":[3],"3":[3],"4":[24],"5":[2],"6":[2],"7":[22],"8":[2],"9":[20],"10":[8],"11":[2],"12":[22],"13":[2],"14":[20],"15":[9],"16":[1],"17":[3],"18":[6],"19":[1],"20":[5],"21":[1],"22":[4],"23":[1]},"fnMap":{"0":{"name":"CompactNavigation","decl":{"start":{"line":7,"column":43},"end":{"line":127,"column":2}},"loc":{"start":{"line":7,"column":43},"end":{"line":127,"column":2}},"line":7},"1":{"name":"onClick","decl":{"start":{"line":16,"column":25},"end":{"line":16,"column":47}},"loc":{"start":{"line":16,"column":25},"end":{"line":16,"column":47}},"line":16},"2":{"name":"onClick","decl":{"start":{"line":54,"column":37},"end":{"line":54,"column":60}},"loc":{"start":{"line":54,"column":37},"end":{"line":54,"column":60}},"line":54},"3":{"name":"onClick","decl":{"start":{"line":69,"column":45},"end":{"line":69,"column":68}},"loc":{"start":{"line":69,"column":45},"end":{"line":69,"column":68}},"line":69},"4":{"name":"onClick","decl":{"start":{"line":85,"column":53},"end":{"line":88,"column":46}},"loc":{"start":{"line":85,"column":53},"end":{"line":88,"column":46}},"line":85}},"f":{"0":8,"1":3,"2":0,"3":0,"4":1}}
,"/Users/prasad/.gemini/antigravity/scratch/quiz-platform/src/components/ConfirmationModal.tsx": {"path":"/Users/prasad/.gemini/antigravity/scratch/quiz-platform/src/components/ConfirmationModal.tsx","all":false,"statementMap":{"0":{"start":{"line":1,"column":0},"end":{"line":1,"column":26}},"1":{"start":{"line":2,"column":0},"end":{"line":2,"column":56}},"2":{"start":{"line":3,"column":0},"end":{"line":3,"column":48}},"3":{"start":{"line":4,"column":0},"end":{"line":4,"column":0}},"4":{"start":{"line":5,"column":0},"end":{"line":5,"column":34}},"5":{"start":{"line":6,"column":0},"end":{"line":6,"column":18}},"6":{"start":{"line":7,"column":0},"end":{"line":7,"column":22}},"7":{"start":{"line":8,"column":0},"end":{"line":8,"column":24}},"8":{"start":{"line":9,"column":0},"end":{"line":9,"column":16}},"9":{"start":{"line":10,"column":0},"end":{"line":10,"column":22}},"10":{"start":{"line":11,"column":0},"end":{"line":11,"column":24}},"11":{"start":{"line":12,"column":0},"end":{"line":12,"column":23}},"12":{"start":{"line":13,"column":0},"end":{"line":13,"column":42}},"13":{"start":{"line":14,"column":0},"end":{"line":14,"column":1}},"14":{"start":{"line":15,"column":0},"end":{"line":15,"column":0}},"15":{"start":{"line":16,"column":0},"end":{"line":16,"column":69}},"16":{"start":{"line":17,"column":0},"end":{"line":17,"column":9}},"17":{"start":{"line":18,"column":0},"end":{"line":18,"column":10}},"18":{"start":{"line":19,"column":0},"end":{"line":19,"column":12}},"19":{"start":{"line":20,"column":0},"end":{"line":20,"column":8}},"20":{"start":{"line":21,"column":0},"end":{"line":21,"column":14}},"21":{"start":{"line":22,"column":0},"end":{"line":22,"column":27}},"22":{"start":{"line":23,"column":0},"end":{"line":23,"column":25}},"23":{"start":{"line":24,"column":0},"end":{"line":24,"column":21}},"24":{"start":{"line":25,"column":0},"end":{"line":25,"column":7}},"25":{"start":{"line":26,"column":0},"end":{"line":26,"column":27}},"26":{"start":{"line":27,"column":0},"end":{"line":27,"column":0}},"27":{"start":{"line":28,"column":0},"end":{"line":28,"column":10}},"28":{"start":{"line":29,"column":0},"end":{"line":29,"column":21}},"29":{"start":{"line":30,"column":0},"end":{"line":30,"column":79}},"30":{"start":{"line":31,"column":0},"end":{"line":31,"column":24}},"31":{"start":{"line":32,"column":0},"end":{"line":32,"column":19}},"32":{"start":{"line":33,"column":0},"end":{"line":33,"column":34}},"33":{"start":{"line":34,"column":0},"end":{"line":34,"column":34}},"34":{"start":{"line":35,"column":0},"end":{"line":35,"column":31}},"35":{"start":{"line":36,"column":0},"end":{"line":36,"column":27}},"36":{"start":{"line":37,"column":0},"end":{"line":37,"column":67}},"37":{"start":{"line":38,"column":0},"end":{"line":38,"column":10}},"38":{"start":{"line":39,"column":0},"end":{"line":39,"column":0}},"39":{"start":{"line":40,"column":0},"end":{"line":40,"column":21}},"40":{"start":{"line":41,"column":0},"end":{"line":41,"column":19}},"41":{"start":{"line":42,"column":0},"end":{"line":42,"column":54}},"42":{"start":{"line":43,"column":0},"end":{"line":43,"column":50}},"43":{"start":{"line":44,"column":0},"end":{"line":44,"column":51}},"44":{"start":{"line":45,"column":0},"end":{"line":45,"column":98}},"45":{"start":{"line":46,"column":0},"end":{"line":46,"column":9}},"46":{"start":{"line":47,"column":0},"end":{"line":47,"column":31}},"47":{"start":{"line":48,"column":0},"end":{"line":48,"column":52}},"48":{"start":{"line":49,"column":0},"end":{"line":49,"column":150}},"49":{"start":{"line":50,"column":0},"end":{"line":50,"column":53}},"50":{"start":{"line":51,"column":0},"end":{"line":51,"column":20}},"51":{"start":{"line":52,"column":0},"end":{"line":52,"column":38}},"52":{"start":{"line":53,"column":0},"end":{"line":53,"column":81}},"53":{"start":{"line":54,"column":0},"end":{"line":54,"column":78}},"54":{"start":{"line":55,"column":0},"end":{"line":55,"column":20}},"55":{"start":{"line":56,"column":0},"end":{"line":56,"column":104}},"56":{"start":{"line":57,"column":0},"end":{"line":57,"column":41}},"57":{"start":{"line":58,"column":0},"end":{"line":58,"column":23}},"58":{"start":{"line":59,"column":0},"end":{"line":59,"column":18}},"59":{"start":{"line":60,"column":0},"end":{"line":60,"column":0}},"60":{"start":{"line":61,"column":0},"end":{"line":61,"column":57}},"61":{"start":{"line":62,"column":0},"end":{"line":62,"column":21}},"62":{"start":{"line":63,"column":0},"end":{"line":63,"column":33}},"63":{"start":{"line":64,"column":0},"end":{"line":64,"column":110}},"64":{"start":{"line":65,"column":0},"end":{"line":65,"column":15}},"65":{"start":{"line":66,"column":0},"end":{"line":66,"column":29}},"66":{"start":{"line":67,"column":0},"end":{"line":67,"column":23}},"67":{"start":{"line":68,"column":0},"end":{"line":68,"column":21}},"68":{"start":{"line":69,"column":0},"end":{"line":69,"column":32}},"69":{"start":{"line":70,"column":0},"end":{"line":70,"column":30}},"70":{"start":{"line":71,"column":0},"end":{"line":71,"column":28}},"71":{"start":{"line":72,"column":0},"end":{"line":72,"column":18}},"72":{"start":{"line":73,"column":0},"end":{"line":73,"column":102}},"73":{"start":{"line":74,"column":0},"end":{"line":74,"column":39}},"74":{"start":{"line":75,"column":0},"end":{"line":75,"column":52}},"75":{"start":{"line":76,"column":0},"end":{"line":76,"column":57}},"76":{"start":{"line":77,"column":0},"end":{"line":77,"column":19}},"77":{"start":{"line":78,"column":0},"end":{"line":78,"column":15}},"78":{"start":{"line":79,"column":0},"end":{"line":79,"column":30}},"79":{"start":{"line":80,"column":0},"end":{"line":80,"column":23}},"80":{"start":{"line":81,"column":0},"end":{"line":81,"column":18}},"81":{"start":{"line":82,"column":0},"end":{"line":82,"column":16}},"82":{"start":{"line":83,"column":0},"end":{"line":83,"column":21}},"83":{"start":{"line":84,"column":0},"end":{"line":84,"column":12}},"84":{"start":{"line":85,"column":0},"end":{"line":85,"column":22}},"85":{"start":{"line":86,"column":0},"end":{"line":86,"column":4}},"86":{"start":{"line":87,"column":0},"end":{"line":87,"column":2}}},"s":{"0":1,"1":1,"2":1,"3":1,"4":1,"5":1,"6":1,"7":1,"8":1,"9":1,"10":1,"11":1,"12":1,"13":1,"14":1,"15":1,"16":8,"17":8,"18":8,"19":8,"20":8,"21":8,"22":8,"23":8,"24":8,"25":8,"26":1,"27":1,"28":1,"29":1,"30":1,"31":1,"32":1,"33":1,"34":1,"35":1,"36":1,"37":1,"38":1,"39":1,"40":1,"41":1,"42":1,"43":1,"44":1,"45":1,"46":1,"47":1,"48":8,"49":8,"50":8,"51":8,"52":8,"53":8,"54":8,"55":8,"56":8,"57":8,"58":8,"59":8,"60":8,"61":8,"62":8,"63":8,"64":8,"65":8,"66":8,"67":8,"68":8,"69":0,"70":0,"71":0,"72":8,"73":8,"74":1,"75":0,"76":8,"77":8,"78":8,"79":8,"80":8,"81":8,"82":8,"83":8,"84":8,"85":8,"86":8},"branchMap":{"0":{"type":"branch","line":16,"loc":{"start":{"line":16,"column":67},"end":{"line":87,"column":2}},"locations":[{"start":{"line":16,"column":67},"end":{"line":87,"column":2}}]},"1":{"type":"branch","line":26,"loc":{"start":{"line":26,"column":15},"end":{"line":26,"column":27}},"locations":[{"start":{"line":26,"column":15},"end":{"line":26,"column":27}}]},"2":{"type":"branch","line":26,"loc":{"start":{"line":26,"column":22},"end":{"line":49,"column":115}},"locations":[{"start":{"line":26,"column":22},"end":{"line":49,"column":115}}]},"3":{"type":"branch","line":49,"loc":{"start":{"line":49,"column":87},"end":{"line":49,"column":146}},"locations":[{"start":{"line":49,"column":87},"end":{"line":49,"column":146}}]},"4":{"type":"branch","line":74,"loc":{"start":{"line":74,"column":30},"end":{"line":75,"column":52}},"locations":[{"start":{"line":74,"column":30},"end":{"line":75,"column":52}}]},"5":{"type":"branch","line":75,"loc":{"start":{"line":75,"column":22},"end":{"line":76,"column":57}},"locations":[{"start":{"line":75,"column":22},"end":{"line":76,"column":57}}]}},"b":{"0":[8],"1":[7],"2":[1],"3":[0],"4":[1],"5":[0]},"fnMap":{"0":{"name":"ConfirmationModal","decl":{"start":{"line":16,"column":67},"end":{"line":87,"column":2}},"loc":{"start":{"line":16,"column":67},"end":{"line":87,"column":2}},"line":16},"1":{"name":"onClick","decl":{"start":{"line":69,"column":25},"end":{"line":72,"column":18}},"loc":{"start":{"line":69,"column":25},"end":{"line":72,"column":18}},"line":69}},"f":{"0":8,"1":0}}
,"/Users/prasad/.gemini/antigravity/scratch/quiz-platform/src/components/MarkdownRenderer.tsx": {"path":"/Users/prasad/.gemini/antigravity/scratch/quiz-platform/src/components/MarkdownRenderer.tsx","all":false,"statementMap":{"0":{"start":{"line":1,"column":0},"end":{"line":1,"column":26}},"1":{"start":{"line":2,"column":0},"end":{"line":2,"column":43}},"2":{"start":{"line":3,"column":0},"end":{"line":3,"column":37}},"3":{"start":{"line":4,"column":0},"end":{"line":4,"column":39}},"4":{"start":{"line":5,"column":0},"end":{"line":5,"column":0}},"5":{"start":{"line":6,"column":0},"end":{"line":6,"column":33}},"6":{"start":{"line":7,"column":0},"end":{"line":7,"column":18}},"7":{"start":{"line":8,"column":0},"end":{"line":8,"column":21}},"8":{"start":{"line":9,"column":0},"end":{"line":9,"column":1}},"9":{"start":{"line":10,"column":0},"end":{"line":10,"column":0}},"10":{"start":{"line":11,"column":0},"end":{"line":11,"column":94}},"11":{"start":{"line":12,"column":0},"end":{"line":12,"column":10}},"12":{"start":{"line":13,"column":0},"end":{"line":13,"column":124}},"13":{"start":{"line":14,"column":0},"end":{"line":14,"column":20}},"14":{"start":{"line":15,"column":0},"end":{"line":15,"column":36}},"15":{"start":{"line":16,"column":0},"end":{"line":16,"column":37}},"16":{"start":{"line":17,"column":0},"end":{"line":17,"column":21}},"17":{"start":{"line":18,"column":0},"end":{"line":18,"column":40}},"18":{"start":{"line":19,"column":0},"end":{"line":19,"column":21}},"19":{"start":{"line":20,"column":0},"end":{"line":20,"column":31}},"20":{"start":{"line":21,"column":0},"end":{"line":21,"column":82}},"21":{"start":{"line":22,"column":0},"end":{"line":22,"column":37}},"22":{"start":{"line":23,"column":0},"end":{"line":23,"column":18}},"23":{"start":{"line":24,"column":0},"end":{"line":24,"column":13}},"24":{"start":{"line":25,"column":0},"end":{"line":25,"column":10}},"25":{"start":{"line":26,"column":0},"end":{"line":26,"column":7}},"26":{"start":{"line":27,"column":0},"end":{"line":27,"column":17}},"27":{"start":{"line":28,"column":0},"end":{"line":28,"column":22}},"28":{"start":{"line":29,"column":0},"end":{"line":29,"column":10}},"29":{"start":{"line":30,"column":0},"end":{"line":30,"column":4}},"30":{"start":{"line":31,"column":0},"end":{"line":31,"column":2}}},"s":{"0":1,"1":1,"2":1,"3":1,"4":1,"5":1,"6":1,"7":1,"8":1,"9":1,"10":1,"11":4,"12":4,"13":4,"14":4,"15":4,"16":4,"17":4,"18":1,"19":1,"20":1,"21":1,"22":1,"23":4,"24":4,"25":4,"26":4,"27":4,"28":4,"29":4,"30":4},"branchMap":{"0":{"type":"branch","line":11,"loc":{"start":{"line":11,"column":65},"end":{"line":31,"column":2}},"locations":[{"start":{"line":11,"column":65},"end":{"line":31,"column":2}}]},"1":{"type":"branch","line":18,"loc":{"start":{"line":18,"column":17},"end":{"line":23,"column":18}},"locations":[{"start":{"line":18,"column":17},"end":{"line":23,"column":18}}]}},"b":{"0":[4],"1":[1]},"fnMap":{"0":{"name":"MarkdownRenderer","decl":{"start":{"line":11,"column":65},"end":{"line":31,"column":2}},"loc":{"start":{"line":11,"column":65},"end":{"line":31,"column":2}},"line":11},"1":{"name":"img","decl":{"start":{"line":18,"column":17},"end":{"line":23,"column":18}},"loc":{"start":{"line":18,"column":17},"end":{"line":23,"column":18}},"line":18}},"f":{"0":4,"1":1}}
,"/Users/prasad/.gemini/antigravity/scratch/quiz-platform/src/components/NavigationGrid.tsx": {"path":"/Users/prasad/.gemini/antigravity/scratch/quiz-platform/src/components/NavigationGrid.tsx","all":true,"statementMap":{"0":{"start":{"line":1,"column":0},"end":{"line":1,"column":26}},"1":{"start":{"line":2,"column":0},"end":{"line":2,"column":50}},"2":{"start":{"line":3,"column":0},"end":{"line":3,"column":28}},"3":{"start":{"line":4,"column":0},"end":{"line":4,"column":36}},"4":{"start":{"line":5,"column":0},"end":{"line":5,"column":0}},"5":{"start":{"line":6,"column":0},"end":{"line":6,"column":47}},"6":{"start":{"line":7,"column":0},"end":{"line":7,"column":103}},"7":{"start":{"line":8,"column":0},"end":{"line":8,"column":0}},"8":{"start":{"line":9,"column":0},"end":{"line":9,"column":29}},"9":{"start":{"line":10,"column":0},"end":{"line":10,"column":0}},"10":{"start":{"line":11,"column":0},"end":{"line":11,"column":12}},"11":{"start":{"line":12,"column":0},"end":{"line":12,"column":87}},"12":{"start":{"line":13,"column":0},"end":{"line":13,"column":117}},"13":{"start":{"line":14,"column":0},"end":{"line":14,"column":83}},"14":{"start":{"line":15,"column":0},"end":{"line":15,"column":51}},"15":{"start":{"line":16,"column":0},"end":{"line":16,"column":67}},"16":{"start":{"line":17,"column":0},"end":{"line":17,"column":82}},"17":{"start":{"line":18,"column":0},"end":{"line":18,"column":70}},"18":{"start":{"line":19,"column":0},"end":{"line":19,"column":0}},"19":{"start":{"line":20,"column":0},"end":{"line":20,"column":28}},"20":{"start":{"line":21,"column":0},"end":{"line":21,"column":31}},"21":{"start":{"line":22,"column":0},"end":{"line":22,"column":38}},"22":{"start":{"line":23,"column":0},"end":{"line":23,"column":63}},"23":{"start":{"line":24,"column":0},"end":{"line":24,"column":44}},"24":{"start":{"line":25,"column":0},"end":{"line":25,"column":222}},"25":{"start":{"line":26,"column":0},"end":{"line":26,"column":42}},"26":{"start":{"line":27,"column":0},"end":{"line":27,"column":88}},"27":{"start":{"line":28,"column":0},"end":{"line":28,"column":49}},"28":{"start":{"line":29,"column":0},"end":{"line":29,"column":98}},"29":{"start":{"line":30,"column":0},"end":{"line":30,"column":113}},"30":{"start":{"line":31,"column":0},"end":{"line":31,"column":30}},"31":{"start":{"line":32,"column":0},"end":{"line":32,"column":63}},"32":{"start":{"line":33,"column":0},"end":{"line":33,"column":25}},"33":{"start":{"line":34,"column":0},"end":{"line":34,"column":37}},"34":{"start":{"line":35,"column":0},"end":{"line":35,"column":43}},"35":{"start":{"line":36,"column":0},"end":{"line":36,"column":74}},"36":{"start":{"line":37,"column":0},"end":{"line":37,"column":111}},"37":{"start":{"line":38,"column":0},"end":{"line":38,"column":38}},"38":{"start":{"line":39,"column":0},"end":{"line":39,"column":30}},"39":{"start":{"line":40,"column":0},"end":{"line":40,"column":33}},"40":{"start":{"line":41,"column":0},"end":{"line":41,"column":22}},"41":{"start":{"line":42,"column":0},"end":{"line":42,"column":19}},"42":{"start":{"line":43,"column":0},"end":{"line":43,"column":18}},"43":{"start":{"line":44,"column":0},"end":{"line":44,"column":12}},"44":{"start":{"line":45,"column":0},"end":{"line":45,"column":82}},"45":{"start":{"line":46,"column":0},"end":{"line":46,"column":57}},"46":{"start":{"line":47,"column":0},"end":{"line":47,"column":86}},"47":{"start":{"line":48,"column":0},"end":{"line":48,"column":22}},"48":{"start":{"line":49,"column":0},"end":{"line":49,"column":57}},"49":{"start":{"line":50,"column":0},"end":{"line":50,"column":113}},"50":{"start":{"line":51,"column":0},"end":{"line":51,"column":22}},"51":{"start":{"line":52,"column":0},"end":{"line":52,"column":57}},"52":{"start":{"line":53,"column":0},"end":{"line":53,"column":88}},"53":{"start":{"line":54,"column":0},"end":{"line":54,"column":22}},"54":{"start":{"line":55,"column":0},"end":{"line":55,"column":57}},"55":{"start":{"line":56,"column":0},"end":{"line":56,"column":88}},"56":{"start":{"line":57,"column":0},"end":{"line":57,"column":22}},"57":{"start":{"line":58,"column":0},"end":{"line":58,"column":18}},"58":{"start":{"line":59,"column":0},"end":{"line":59,"column":14}},"59":{"start":{"line":60,"column":0},"end":{"line":60,"column":6}},"60":{"start":{"line":61,"column":0},"end":{"line":61,"column":2}}},"s":{"0":0,"1":0,"2":0,"3":0,"4":0,"5":0,"6":0,"7":0,"8":0,"9":0,"10":0,"11":0,"12":0,"13":0,"14":0,"15":0,"16":0,"17":0,"18":0,"19":0,"20":0,"21":0,"22":0,"23":0,"24":0,"25":0,"26":0,"27":0,"28":0,"29":0,"30":0,"31":0,"32":0,"33":0,"34":0,"35":0,"36":0,"37":0,"38":0,"39":0,"40":0,"41":0,"42":0,"43":0,"44":0,"45":0,"46":0,"47":0,"48":0,"49":0,"50":0,"51":0,"52":0,"53":0,"54":0,"55":0,"56":0,"57":0,"58":0,"59":0,"60":0},"branchMap":{"0":{"type":"branch","line":1,"loc":{"start":{"line":1,"column":0},"end":{"line":61,"column":-2169}},"locations":[{"start":{"line":1,"column":0},"end":{"line":61,"column":-2169}}]}},"b":{"0":[0]},"fnMap":{"0":{"name":"(empty-report)","decl":{"start":{"line":1,"column":0},"end":{"line":61,"column":-2169}},"loc":{"start":{"line":1,"column":0},"end":{"line":61,"column":-2169}},"line":1}},"f":{"0":0}}
,"/Users/prasad/.gemini/antigravity/scratch/quiz-platform/src/components/OptionSelector.tsx": {"path":"/Users/prasad/.gemini/antigravity/scratch/quiz-platform/src/components/OptionSelector.tsx","all":false,"statementMap":{"0":{"start":{"line":1,"column":0},"end":{"line":1,"column":26}},"1":{"start":{"line":2,"column":0},"end":{"line":2,"column":44}},"2":{"start":{"line":3,"column":0},"end":{"line":3,"column":54}},"3":{"start":{"line":4,"column":0},"end":{"line":4,"column":28}},"4":{"start":{"line":5,"column":0},"end":{"line":5,"column":52}},"5":{"start":{"line":6,"column":0},"end":{"line":6,"column":0}},"6":{"start":{"line":7,"column":0},"end":{"line":7,"column":31}},"7":{"start":{"line":8,"column":0},"end":{"line":8,"column":20}},"8":{"start":{"line":9,"column":0},"end":{"line":9,"column":30}},"9":{"start":{"line":10,"column":0},"end":{"line":10,"column":44}},"10":{"start":{"line":11,"column":0},"end":{"line":11,"column":45}},"11":{"start":{"line":12,"column":0},"end":{"line":12,"column":21}},"12":{"start":{"line":13,"column":0},"end":{"line":13,"column":1}},"13":{"start":{"line":14,"column":0},"end":{"line":14,"column":0}},"14":{"start":{"line":15,"column":0},"end":{"line":15,"column":63}},"15":{"start":{"line":16,"column":0},"end":{"line":16,"column":10}},"16":{"start":{"line":17,"column":0},"end":{"line":17,"column":20}},"17":{"start":{"line":18,"column":0},"end":{"line":18,"column":7}},"18":{"start":{"line":19,"column":0},"end":{"line":19,"column":20}},"19":{"start":{"line":20,"column":0},"end":{"line":20,"column":10}},"20":{"start":{"line":21,"column":0},"end":{"line":21,"column":7}},"21":{"start":{"line":22,"column":0},"end":{"line":22,"column":46}},"22":{"start":{"line":23,"column":0},"end":{"line":23,"column":25}},"23":{"start":{"line":24,"column":0},"end":{"line":24,"column":0}},"24":{"start":{"line":25,"column":0},"end":{"line":25,"column":35}},"25":{"start":{"line":26,"column":0},"end":{"line":26,"column":36}},"26":{"start":{"line":27,"column":0},"end":{"line":27,"column":12}},"27":{"start":{"line":28,"column":0},"end":{"line":28,"column":63}},"28":{"start":{"line":29,"column":0},"end":{"line":29,"column":57}},"29":{"start":{"line":30,"column":0},"end":{"line":30,"column":43}},"30":{"start":{"line":31,"column":0},"end":{"line":31,"column":38}},"31":{"start":{"line":32,"column":0},"end":{"line":32,"column":5}},"32":{"start":{"line":33,"column":0},"end":{"line":33,"column":4}},"33":{"start":{"line":34,"column":0},"end":{"line":34,"column":0}},"34":{"start":{"line":35,"column":0},"end":{"line":35,"column":10}},"35":{"start":{"line":36,"column":0},"end":{"line":36,"column":31}},"36":{"start":{"line":37,"column":0},"end":{"line":37,"column":32}},"37":{"start":{"line":38,"column":0},"end":{"line":38,"column":65}},"38":{"start":{"line":39,"column":0},"end":{"line":39,"column":8}},"39":{"start":{"line":40,"column":0},"end":{"line":40,"column":16}},"40":{"start":{"line":41,"column":0},"end":{"line":41,"column":14}},"41":{"start":{"line":42,"column":0},"end":{"line":42,"column":27}},"42":{"start":{"line":43,"column":0},"end":{"line":43,"column":51}},"43":{"start":{"line":44,"column":0},"end":{"line":44,"column":28}},"44":{"start":{"line":45,"column":0},"end":{"line":45,"column":103}},"45":{"start":{"line":46,"column":0},"end":{"line":46,"column":25}},"46":{"start":{"line":47,"column":0},"end":{"line":47,"column":54}},"47":{"start":{"line":48,"column":0},"end":{"line":48,"column":77}},"48":{"start":{"line":49,"column":0},"end":{"line":49,"column":100}},"49":{"start":{"line":50,"column":0},"end":{"line":50,"column":14}},"50":{"start":{"line":51,"column":0},"end":{"line":51,"column":11}},"51":{"start":{"line":52,"column":0},"end":{"line":52,"column":33}},"52":{"start":{"line":53,"column":0},"end":{"line":53,"column":72}},"53":{"start":{"line":54,"column":0},"end":{"line":54,"column":86}},"54":{"start":{"line":55,"column":0},"end":{"line":55,"column":15}},"55":{"start":{"line":56,"column":0},"end":{"line":56,"column":43}},"56":{"start":{"line":57,"column":0},"end":{"line":57,"column":114}},"57":{"start":{"line":58,"column":0},"end":{"line":58,"column":19}},"58":{"start":{"line":59,"column":0},"end":{"line":59,"column":37}},"59":{"start":{"line":60,"column":0},"end":{"line":60,"column":96}},"60":{"start":{"line":61,"column":0},"end":{"line":61,"column":84}},"61":{"start":{"line":62,"column":0},"end":{"line":62,"column":19}},"62":{"start":{"line":63,"column":0},"end":{"line":63,"column":81}},"63":{"start":{"line":64,"column":0},"end":{"line":64,"column":22}},"64":{"start":{"line":65,"column":0},"end":{"line":65,"column":16}},"65":{"start":{"line":66,"column":0},"end":{"line":66,"column":18}},"66":{"start":{"line":67,"column":0},"end":{"line":67,"column":12}},"67":{"start":{"line":68,"column":0},"end":{"line":68,"column":47}},"68":{"start":{"line":69,"column":0},"end":{"line":69,"column":80}},"69":{"start":{"line":70,"column":0},"end":{"line":70,"column":18}},"70":{"start":{"line":71,"column":0},"end":{"line":71,"column":16}},"71":{"start":{"line":72,"column":0},"end":{"line":72,"column":10}},"72":{"start":{"line":73,"column":0},"end":{"line":73,"column":9}},"73":{"start":{"line":74,"column":0},"end":{"line":74,"column":10}},"74":{"start":{"line":75,"column":0},"end":{"line":75,"column":4}},"75":{"start":{"line":76,"column":0},"end":{"line":76,"column":2}}},"s":{"0":1,"1":1,"2":1,"3":1,"4":1,"5":1,"6":1,"7":1,"8":1,"9":1,"10":1,"11":1,"12":1,"13":1,"14":1,"15":11,"16":11,"17":11,"18":11,"19":11,"20":11,"21":11,"22":6,"23":4,"24":5,"25":2,"26":6,"27":2,"28":1,"29":1,"30":2,"31":2,"32":6,"33":11,"34":11,"35":11,"36":11,"37":22,"38":22,"39":22,"40":22,"41":22,"42":22,"43":22,"44":22,"45":22,"46":3,"47":19,"48":22,"49":22,"50":22,"51":22,"52":22,"53":22,"54":22,"55":22,"56":18,"57":4,"58":4,"59":4,"60":4,"61":4,"62":4,"63":4,"64":22,"65":22,"66":22,"67":22,"68":22,"69":22,"70":22,"71":22,"72":11,"73":11,"74":11,"75":11},"branchMap":{"0":{"type":"branch","line":15,"loc":{"start":{"line":15,"column":61},"end":{"line":76,"column":2}},"locations":[{"start":{"line":15,"column":61},"end":{"line":76,"column":2}}]},"1":{"type":"branch","line":22,"loc":{"start":{"line":22,"column":23},"end":{"line":33,"column":4}},"locations":[{"start":{"line":22,"column":23},"end":{"line":33,"column":4}}]},"2":{"type":"branch","line":23,"loc":{"start":{"line":23,"column":18},"end":{"line":27,"column":11}},"locations":[{"start":{"line":23,"column":18},"end":{"line":27,"column":11}}]},"3":{"type":"branch","line":23,"loc":{"start":{"line":23,"column":18},"end":{"line":23,"column":25}},"locations":[{"start":{"line":23,"column":18},"end":{"line":23,"column":25}}]},"4":{"type":"branch","line":23,"loc":{"start":{"line":23,"column":18},"end":{"line":25,"column":34}},"locations":[{"start":{"line":23,"column":18},"end":{"line":25,"column":34}}]},"5":{"type":"branch","line":25,"loc":{"start":{"line":25,"column":34},"end":{"line":27,"column":11}},"locations":[{"start":{"line":25,"column":34},"end":{"line":27,"column":11}}]},"6":{"type":"branch","line":27,"loc":{"start":{"line":27,"column":4},"end":{"line":32,"column":5}},"locations":[{"start":{"line":27,"column":4},"end":{"line":32,"column":5}}]},"7":{"type":"branch","line":28,"loc":{"start":{
[...]
:{"line":82,"column":0},"end":{"line":82,"column":11}},"82":{"start":{"line":83,"column":0},"end":{"line":83,"column":9}},"83":{"start":{"line":84,"column":0},"end":{"line":84,"column":20}},"84":{"start":{"line":85,"column":0},"end":{"line":85,"column":0}},"85":{"start":{"line":86,"column":0},"end":{"line":86,"column":24}},"86":{"start":{"line":87,"column":0},"end":{"line":87,"column":49}},"87":{"start":{"line":88,"column":0},"end":{"line":88,"column":106}},"88":{"start":{"line":89,"column":0},"end":{"line":89,"column":3}},"89":{"start":{"line":90,"column":0},"end":{"line":90,"column":2}}},"s":{"0":1,"1":1,"2":1,"3":1,"4":1,"5":1,"6":1,"7":1,"8":1,"9":1,"10":1,"11":1,"12":1,"13":1,"14":1,"15":1,"16":1,"17":1,"18":1,"19":1,"20":1,"21":1,"22":1,"23":1,"24":1,"25":1,"26":1,"27":1,"28":1,"29":1,"30":1,"31":3,"32":0,"33":0,"34":3,"35":0,"36":0,"37":3,"38":3,"39":3,"40":3,"41":3,"42":3,"43":3,"44":3,"45":3,"46":3,"47":3,"48":3,"49":3,"50":3,"51":3,"52":3,"53":3,"54":3,"55":3,"56":3,"57":3,"58":3,"59":3,"60":3,"61":3,"62":3,"63":3,"64":3,"65":3,"66":3,"67":3,"68":3,"69":3,"70":3,"71":3,"72":3,"73":3,"74":3,"75":3,"76":0,"77":0,"78":0,"79":0,"80":0,"81":0,"82":3,"83":3,"84":3,"85":3,"86":1,"87":1,"88":1,"89":3},"branchMap":{"0":{"type":"branch","line":31,"loc":{"start":{"line":31,"column":40},"end":{"line":90,"column":2}},"locations":[{"start":{"line":31,"column":40},"end":{"line":90,"column":2}}]},"1":{"type":"branch","line":32,"loc":{"start":{"line":32,"column":15},"end":{"line":34,"column":3}},"locations":[{"start":{"line":32,"column":15},"end":{"line":34,"column":3}}]},"2":{"type":"branch","line":35,"loc":{"start":{"line":35,"column":17},"end":{"line":37,"column":3}},"locations":[{"start":{"line":35,"column":17},"end":{"line":37,"column":3}}]},"3":{"type":"branch","line":75,"loc":{"start":{"line":75,"column":19},"end":{"line":75,"column":50}},"locations":[{"start":{"line":75,"column":19},"end":{"line":75,"column":50}}]},"4":{"type":"branch","line":86,"loc":{"start":{"line":86,"column":2},"end":{"line":89,"column":3}},"locations":[{"start":{"line":86,"column":2},"end":{"line":89,"column":3}}]},"5":{"type":"branch","line":88,"loc":{"start":{"line":88,"column":26},"end":{"line":88,"column":104}},"locations":[{"start":{"line":88,"column":26},"end":{"line":88,"column":104}}]}},"b":{"0":[3],"1":[0],"2":[0],"3":[2],"4":[1],"5":[0]},"fnMap":{"0":{"name":"generateQuizFromSyllabus","decl":{"start":{"line":31,"column":40},"end":{"line":90,"column":2}},"loc":{"start":{"line":31,"column":40},"end":{"line":90,"column":2}},"line":31}},"f":{"0":3}}
,"/Users/prasad/.gemini/antigravity/scratch/quiz-platform/src/store/quizStore.ts": {"path":"/Users/prasad/.gemini/antigravity/scratch/quiz-platform/src/store/quizStore.ts","all":false,"statementMap":{"0":{"start":{"line":1,"column":0},"end":{"line":1,"column":33}},"1":{"start":{"line":2,"column":0},"end":{"line":2,"column":45}},"2":{"start":{"line":3,"column":0},"end":{"line":3,"column":59}},"3":{"start":{"line":4,"column":0},"end":{"line":4,"column":0}},"4":{"start":{"line":5,"column":0},"end":{"line":5,"column":48}},"5":{"start":{"line":6,"column":0},"end":{"line":6,"column":10}},"6":{"start":{"line":7,"column":0},"end":{"line":7,"column":20}},"7":{"start":{"line":8,"column":0},"end":{"line":8,"column":19}},"8":{"start":{"line":9,"column":0},"end":{"line":9,"column":21}},"9":{"start":{"line":10,"column":0},"end":{"line":10,"column":30}},"10":{"start":{"line":11,"column":0},"end":{"line":11,"column":18}},"11":{"start":{"line":12,"column":0},"end":{"line":12,"column":27}},"12":{"start":{"line":13,"column":0},"end":{"line":13,"column":23}},"13":{"start":{"line":14,"column":0},"end":{"line":14,"column":32}},"14":{"start":{"line":15,"column":0},"end":{"line":15,"column":28}},"15":{"start":{"line":16,"column":0},"end":{"line":16,"column":0}},"16":{"start":{"line":17,"column":0},"end":{"line":17,"column":47}},"17":{"start":{"line":18,"column":0},"end":{"line":18,"column":16}},"18":{"start":{"line":19,"column":0},"end":{"line":19,"column":24}},"19":{"start":{"line":20,"column":0},"end":{"line":20,"column":51}},"20":{"start":{"line":21,"column":0},"end":{"line":21,"column":44}},"21":{"start":{"line":22,"column":0},"end":{"line":22,"column":50}},"22":{"start":{"line":23,"column":0},"end":{"line":23,"column":51}},"23":{"start":{"line":24,"column":0},"end":{"line":24,"column":68}},"24":{"start":{"line":25,"column":0},"end":{"line":25,"column":51}},"25":{"start":{"line":26,"column":0},"end":{"line":26,"column":21}},"26":{"start":{"line":27,"column":0},"end":{"line":27,"column":40}},"27":{"start":{"line":28,"column":0},"end":{"line":28,"column":9}},"28":{"start":{"line":29,"column":0},"end":{"line":29,"column":0}},"29":{"start":{"line":30,"column":0},"end":{"line":30,"column":49}},"30":{"start":{"line":31,"column":0},"end":{"line":31,"column":0}},"31":{"start":{"line":32,"column":0},"end":{"line":32,"column":65}},"32":{"start":{"line":33,"column":0},"end":{"line":33,"column":74}},"33":{"start":{"line":34,"column":0},"end":{"line":34,"column":62}},"34":{"start":{"line":35,"column":0},"end":{"line":35,"column":48}},"35":{"start":{"line":36,"column":0},"end":{"line":36,"column":31}},"36":{"start":{"line":37,"column":0},"end":{"line":37,"column":9}},"37":{"start":{"line":38,"column":0},"end":{"line":38,"column":74}},"38":{"start":{"line":39,"column":0},"end":{"line":39,"column":9}},"39":{"start":{"line":40,"column":0},"end":{"line":40,"column":0}},"40":{"start":{"line":41,"column":0},"end":{"line":41,"column":51}},"41":{"start":{"line":42,"column":0},"end":{"line":42,"column":70}},"42":{"start":{"line":43,"column":0},"end":{"line":43,"column":66}},"43":{"start":{"line":44,"column":0},"end":{"line":44,"column":51}},"44":{"start":{"line":45,"column":0},"end":{"line":45,"column":10}},"45":{"start":{"line":46,"column":0},"end":{"line":46,"column":0}},"46":{"start":{"line":47,"column":0},"end":{"line":47,"column":70}},"47":{"start":{"line":48,"column":0},"end":{"line":48,"column":0}},"48":{"start":{"line":49,"column":0},"end":{"line":49,"column":27}},"49":{"start":{"line":50,"column":0},"end":{"line":50,"column":55}},"50":{"start":{"line":51,"column":0},"end":{"line":51,"column":28}},"51":{"start":{"line":52,"column":0},"end":{"line":52,"column":0}},"52":{"start":{"line":53,"column":0},"end":{"line":53,"column":65}},"53":{"start":{"line":54,"column":0},"end":{"line":54,"column":66}},"54":{"start":{"line":55,"column":0},"end":{"line":55,"column":16}},"55":{"start":{"line":56,"column":0},"end":{"line":56,"column":39}},"56":{"start":{"line":57,"column":0},"end":{"line":57,"column":9}},"57":{"start":{"line":58,"column":0},"end":{"line":58,"column":8}},"58":{"start":{"line":59,"column":0},"end":{"line":59,"column":0}},"59":{"start":{"line":60,"column":0},"end":{"line":60,"column":27}},"60":{"start":{"line":61,"column":0},"end":{"line":61,"column":47}},"61":{"start":{"line":62,"column":0},"end":{"line":62,"column":39}},"62":{"start":{"line":63,"column":0},"end":{"line":63,"column":66}},"63":{"start":{"line":64,"column":0},"end":{"line":64,"column":9}},"64":{"start":{"line":65,"column":0},"end":{"line":65,"column":8}},"65":{"start":{"line":66,"column":0},"end":{"line":66,"column":0}},"66":{"start":{"line":67,"column":0},"end":{"line":67,"column":34}},"67":{"start":{"line":68,"column":0},"end":{"line":68,"column":66}},"68":{"start":{"line":69,"column":0},"end":{"line":69,"column":0}},"69":{"start":{"line":70,"column":0},"end":{"line":70,"column":47}},"70":{"start":{"line":71,"column":0},"end":{"line":71,"column":0}},"71":{"start":{"line":72,"column":0},"end":{"line":72,"column":23}},"72":{"start":{"line":73,"column":0},"end":{"line":73,"column":70}},"73":{"start":{"line":74,"column":0},"end":{"line":74,"column":58}},"74":{"start":{"line":75,"column":0},"end":{"line":75,"column":44}},"75":{"start":{"line":76,"column":0},"end":{"line":76,"column":41}},"76":{"start":{"line":77,"column":0},"end":{"line":77,"column":11}},"77":{"start":{"line":78,"column":0},"end":{"line":78,"column":9}},"78":{"start":{"line":79,"column":0},"end":{"line":79,"column":0}},"79":{"start":{"line":80,"column":0},"end":{"line":80,"column":28}},"80":{"start":{"line":81,"column":0},"end":{"line":81,"column":76}},"81":{"start":{"line":82,"column":0},"end":{"line":82,"column":8}},"82":{"start":{"line":83,"column":0},"end":{"line":83,"column":68}},"83":{"start":{"line":84,"column":0},"end":{"line":84,"column":71}},"84":{"start":{"line":85,"column":0},"end":{"line":85,"column":37}},"85":{"start":{"line":86,"column":0},"end":{"line":86,"column":39}},"86":{"start":{"line":87,"column":0},"end":{"line":87,"column":43}},"87":{"start":{"line":88,"column":0},"end":{"line":88,"column":10}},"88":{"start":{"line":89,"column":0},"end":{"line":89,"column":0}},"89":{"start":{"line":90,"column":0},"end":{"line":90,"column":33}},"90":{"start":{"line":91,"column":0},"end":{"line":91,"column":74}},"91":{"start":{"line":92,"column":0},"end":{"line":92,"column":66}},"92":{"start":{"line":93,"column":0},"end":{"line":93,"column":50}},"93":{"start":{"line":94,"column":0},"end":{"line":94,"column":50}},"94":{"start":{"line":95,"column":0},"end":{"line":95,"column":52}},"95":{"start":{"line":96,"column":0},"end":{"line":96,"column":43}},"96":{"start":{"line":97,"column":0},"end":{"line":97,"column":19}},"97":{"start":{"line":98,"column":0},"end":{"line":98,"column":14}},"98":{"start":{"line":99,"column":0},"end":{"line":99,"column":9}},"99":{"start":{"line":100,"column":0},"end":{"line":100,"column":0}},"100":{"start":{"line":101,"column":0},"end":{"line":101,"column":23}},"101":{"start":{"line":102,"column":0},"end":{"line":102,"column":9}},"102":{"start":{"line":103,"column":0},"end":{"line":103,"column":0}},"103":{"start":{"line":104,"column":0},"end":{"line":104,"column":39}},"104":{"start":{"line":105,"column":0},"end":{"line":105,"column":37}},"105":{"start":{"line":106,"column":0},"end":{"line":106,"column":17}},"106":{"start":{"line":107,"column":0},"end":{"line":107,"column":28}},"107":{"start":{"line":108,"column":0},"end":{"line":108,"column":36}},"108":{"start":{"line":109,"column":0},"end":{"line":109,"column":24}},"109":{"start":{"line":110,"column":0},"end":{"line":110,"column":33}},"110":{"start":{"line":111,"column":0},"end":{"line":111,"column":34}},"111":{"start":{"line":112,"column":0},"end":{"line":112,"column":61}},"112":{"start":{"line":113,"column":0},"end":{"line":113,"column":78}},"113":{"start":{"line":114,"column":0},"end":{"line":114,"column":57}},"114":{"start":{"line":115,"column":0},"end":{"line":115,"column":27}},"115":{"start":{"line":116,"column":0},"end":{"line":116,"column":44}},"116":{"start":{"line":117,"column":0},"end":{"line":117,"column":10}},"117":{"start":{"line":118,"column":0},"end":{"line":118,"column":9}},"118":{"start":{"line":119,"column":0},"end":{"line":119,"column":0}},"119":{"start":{"line":120,"column":0},"end":{"line":120,"column":30}},"120":{"start":{"line":121,"column":0},"end":{"line":121,"column":23}},"121":{"start":{"line":122,"column":0},"end":{"line":122,"column":25}},"122":{"start":{"line":123,"column":0},"end":{"line":123,"column":34}},"123":{"start":{"line":124,"column":0},"end":{"line":124,"column":22}},"124":{"start":{"line":125,"column":0},"end":{"line":125,"column":31}},"125":{"start":{"line":126,"column":0},"end":{"line":126,"column":36}},"126":{"start":{"line":127,"column":0},"end":{"line":127,"column":32}},"127":{"start":{"line":128,"column":0},"end":{"line":128,"column":26}},"128":{"start":{"line":129,"column":0},"end":{"line":129,"column":10}},"129":{"start":{"line":130,"column":0},"end":{"line":130,"column":7}},"130":{"start":{"line":131,"column":0},"end":{"line":131,"column":5}},"131":{"start":{"line":132,"column":0},"end":{"line":132,"column":27}},"132":{"start":{"line":133,"column":0},"end":{"line":133,"column":5}},"133":{"start":{"line":134,"column":0},"end":{"line":134,"column":3}},"134":{"start":{"line":135,"column":0},"end":{"line":135,"column":2}}},"s":{"0":1,"1":1,"2":1,"3":1,"4":1,"5":1,"6":1,"7":2,"8":2,"9":2,"10":2,"11":2,"12":2,"13":2,"14":2,"15":2,"16":2,"17":9,"18":9,"19":9,"20":9,"21":9,"22":9,"23":9,"24":18,"25":18,"26":9,"27":9,"28":2,"29":2,"30":2,"31":2,"32":2,"33":2,"34":2,"35":1,"36":1,"37":1,"38":2,"39":2,"40":2,"41":2,"42":1,"43":1,"44":2,"45":2,"46":2,"47":2,"48":2,"49":2,"50":2,"51":2,"52":2,"53":1,"54":1,"55":1,"56":1,"57":2,"58":2,"59":2,"60":1,"61":1,"62":1,"63":1,"64":1,"65":2,"66":2,"67":3,"68":3,"69":3,"70":3,"71":3,"72":3,"73":3,"74":3,"75":1,"76":1,"77":3,"78":3,"79":3,"80":3,"81":3,"82":3,"83":3,"84":3,"85":3,"86":3,"87":3,"88":3,"89":3,"90":1,"91":1,"92":1,"93":1,"94":1,"95":1,"96":1,"97":1,"98":1,"99":3,"100":3,"101":3,"102":2,"103":2,"104":0,"105":0,"106":0,"107":0,"108":0,"109":0,"110":0,"111":0,"112":0,"113":0,"114":0,"115":0,"116":0,"117":0,"118":2,"119":2,"120":11,"121":11,"122":11,"123":11,"124":11,"125":11,"126":11,"127":11,"128":11,"129":2,"130":1,"131":1,"132":1,"133":1,"134":1},"branchMap":{"0":{"type":"branch","line":7,"loc":{"start":{"line":7,"column":4},"end":{"line":130,"column":7}},"locations":[{"start":{"line":7,"column":4},"end":{"line":130,"column":7}}]},"1":{"type":"branch","line":17,"loc":{"start":{"line":17,"column":17},"end":{"line":28,"column":9}},"locations":[{"start":{"line":17,"column":17},"end":{"line":28,"column":9}}]},"2":{"type":"branch","line":20,"loc":{"start":{"line":20,"column":30},"end":{"line":20,"column":51}},"locations":[{"start":{"line":20,"column":30},"end":{"line":20,"column":51}}]},"3":{"type":"branch","line":24,"loc":{"start":{"line":24,"column":55},"end":{"line":27,"column":11}},"locations":[{"start":{"line":24,"column":55},"end":{"line":27,"column":11}}]},"4":{"type":"branch","line":25,"loc":{"start":{"line":25,"column":27},"end":{"line":25,"column":51}},"locations":[{"start":{"line":25,"column":27},"end":{"line":25,"column":51}}]},"5":{"type":"branch","line":30,"loc":{"start":{"line":30,"column":17},"end":{"line":30,"column":49}},"locations":[{"start":{"line":30,"column":17},"end":{"line":30,"column":49}}]},"6":{"type":"branch","line":32,"loc":{"start":{"line":32,"column":22},"end":{"line":39,"column":9}},"locations":[{"start":{"line":32,"column":22},"end":{"line":39,"column":9}}]},"7":{"type":"branch","line":32,"loc":{"start":{"line":32,"column":53},"end":{"line":39,"column":7}},"locations":[{"start":{"line":32,"column":53},"end":{"line":39,"column":7}}]},"8":{"type":"branch","line":35,"loc":{"start":{"line":35,"column":22},"end":{"line":35,"column":47}},"locations":[{"start":{"line":35,"column":22},"end":{"line":35,"column":47}}]},"9":{"type":"branch","line":35,"loc":{"start":{"line":35,"column":47},"end":{"line":38,"column":74}},"locations":[{"start":{"line":35,"column":47},"end":{"line":38,"column":74}}]},"10":{"type":"branch","line":41,"loc":{"start":{"line":41,"column":18},"end":{"line":45,"column":10}},"locations":[{"start":{"line":41,"column":18},"end":{"line":45,"column":10}}]},"11":{"type":"branch","line":41,"loc":{"start":{"line":41,"column":38},"end":{"line":45,"column":8}},"locations":[{"start":{"line":41,"column":38},"end":{"line":45,"column":8}}]},"12":{"type":"branch","line":42,"loc":{"start":{"line":42,"column":68},"end":{"line":43,"column":66}},"locations":[{"start":{"line":42,"column":68},"end":{"line":43,"column":66}}]},"13":{"type":"branch","line":43,"loc":{"start":{"line":43,"column":65},"end":{"line":44,"column":51}},"locations":[{"start":{"line":43,"column":65},"end":{"line":44,"column":51}}]},"14":{"type":"branch","line":43,"loc":{"start":{"line":43,"column":42},"end":{"line":43,"column":65}},"locations":[{"start":{"line":43,"column":42},"end":{"line":43,"column":65}}]},"15":{"type":"branch","line":47,"loc":{"start":{"line":47,"column":22},"end":{"line":47,"column":70}},"locations":[{"start":{"line":47,"column":22},"end":{"line":47,"column":70}}]},"16":{"type":"branch","line":49,"loc":{"start":{"line":49,"column":20},"end":{"line":58,"column":8}},"locations":[{"start":{"line":49,"column":20},"end":{"line":58,"column":8}}]},"17":{"type":"branch","line":51,"loc":{"start":{"line":51,"column":21},"end":{"line":51,"column":28}},"locations":[{"start":{"line":51,"column":21},"end":{"line":51,"column":28}}]},"18":{"type":"branch","line":53,"loc":{"start":{"line":53,"column":64},"end":{"line":57,"column":9}},"locations":[{"start":{"line":53,"column":64},"end":{"line":57,"column":9}}]},"19":{"type":"branch","line":60,"loc":{"start":{"line":60,"column":20},"end":{"line":65,"column":8}},"locations":[{"start":{"line":60,"column":20},"end":{"line":65,"column":8}}]},"20":{"type":"branch","line":67,"loc":{"start":{"line":67,"column":12},"end":{"line":102,"column":9}},"locations":[{"start":{"line":67,"column":12},"end":{"line":102,"column":9}}]},"21":{"type":"branch","line":67,"loc":{"start":{"line":67,"column":22},"end":{"line":102,"column":7}},"locations":[{"start":{"line":67,"column":22},"end":{"line":102,"column":7}}]},"22":{"type":"branch","line":68,"loc":{"start":{"line":68,"column":56},"end":{"line":68,"column":66}},"locations":[{"start":{"line":68,"column":56},"end":{"line":68,"column":66}}]},"23":{"type":"branch","line":75,"loc":{"start":{"line":75,"column":43},"end":{"line":77,"column":11}},"locations":[{"start":{"line":75,"column":43},"end":{"line":77,"column":11}}]},"24":{"type":"branch","line":90,"loc":{"start":{"line":90,"column":32},"end":{"line":99,"column":9}},"locations":[{"start":{"line":90,"column":32},"end":{"line":99,"column":9}}]},"25":{"type":"branch","line":120,"loc":{"start":{"line":120,"column":19},"end":{"line":129,"column":10}},"locations":[{"start":{"line":120,"column":19},"end":{"line":129,"column":10}}]}},"b":{"0":[2],"1":[9],"2":[0],"3":[18],"4":[9],"5":[8],"6":[2],"7":[2],"8":[1],"9":[1],"10":[2],"11":[2],"12":[1],"13":[1],"14":[1],"15":[2],"16":[2],"17":[0],"18":[1],"19":[1],"20":[3],"21":[3],"22":[0],"23":[1],"24":[1],"25":[11]},"fnMap":{"0":{"name":"__vite_ssr_import_0__.create.__vite_ssr_import_1__.persist.name","decl":{"start":{"line":7,"column":4},"end":{"line":130,"column":7}},"loc":{"start":{"line":7,"column":4},"end":{"line":130,"column":7}},"line":7},"1":{"name":"setConfig","decl":{"start":{"line":17,"column":17},"end":{"line":28,"column":9}},"loc":{"start":{"line":17,"column":17},"end":{"line":28,"column":9}},"line":17},"2":{"name":"startQuiz","decl":{"start":{"line":30,"column":17},"end":{"line":30,"column":49}},"loc":{"start":{"line":30,"column":17},"end":{"line":30,"column":49}},"line":30},"3":{"name":"answerQuestion","decl":{"start":{"line":32,"column":22},"end":{"line":39,"column":9}},"loc":{"start":{"line":32,"column":22},"end":{"line":39,"column":9}},"line":32},"4":{"name":"toggleFlag","decl":{"start":{"line":41,"column":18},"end":{"line":45,"column":10}},"loc":{"start":{"line":41,"column":18},"end":{"line":45,"column":10}},"line":41},"5":{"name":"jumpToQuestion","decl":{"start":{"line":47,"column":22},"end":{"line":47,"column":70}},"loc":{"start":{"line":47,"column":22},"end":{"line":47,"column":70}},"line":47},"6":{"name":"nextQuestion","decl":{"start":{"line":49,"column":20},"end":{"line":58,"column":8}},"loc":{"start":{"line":49,"column":20},"end":{"line":58,"column":8}},"line":49},"7":{"name":"prevQuestion","decl":{"start":{"line":60,"column":20},"end":{"line":65,"column":8}},"loc":{"start":{"line":60,"column":20},"end":{"line":65,"column":8}},"line":60},"8":{"name":"tick","decl":{"start":{"line":67,"column":12},"end":{"line":102,"column":9}},"loc":{"start":{"line":67,"column":12},"end":{"line":102,"column":9}},"line":67},"9":{"name":"resetQuiz","decl":{"start":{"line":104,"column":17},"end":{"line":118,"column":9}},"loc":{"start":{"line":104,"column":17},"end":{"line":118,"column":9}},"line":104},"10":{"name":"clearState","decl":{"start":{"line":120,"column":19},"end":{"line":129,"column":10}},"loc":{"start":{"line":120,"column":19},"end":{"line":129,"column":10}},"line":120}},"f":{"0":2,"1":9,"2":8,"3":2,"4":2,"5":2,"6":2,"7":1,"8":3,"9":0,"10":11}}
}
